0 info it worked if it ends with ok
1 verbose cli [ 'C:\\Program Files\\nodejs\\node.exe',
1 verbose cli   'C:\\Program Files\\nodejs\\node_modules\\npm\\bin\\npm-cli.js',
1 verbose cli   'install',
1 verbose cli   'natural' ]
2 info using npm@3.10.10
3 info using node@v6.10.3
4 silly loadCurrentTree Starting
5 silly install loadCurrentTree
6 silly install readLocalPackageData
7 silly fetchPackageMetaData natural@*
8 silly fetchNamedPackageData natural
9 silly mapToRegistry name natural
10 silly mapToRegistry using default registry
11 silly mapToRegistry registry https://registry.npmjs.org/
12 silly mapToRegistry data Result {
12 silly mapToRegistry   raw: 'natural',
12 silly mapToRegistry   scope: null,
12 silly mapToRegistry   escapedName: 'natural',
12 silly mapToRegistry   name: 'natural',
12 silly mapToRegistry   rawSpec: '',
12 silly mapToRegistry   spec: 'latest',
12 silly mapToRegistry   type: 'tag' }
13 silly mapToRegistry uri https://registry.npmjs.org/natural
14 verbose request uri https://registry.npmjs.org/natural
15 verbose request no auth needed
16 info attempt registry request try #1 at 7:26:30 PM
17 verbose request id 830de30992108c98
18 verbose etag W/"59260ee8-186d8"
19 verbose lastModified Wed, 24 May 2017 22:53:28 GMT
20 http request GET https://registry.npmjs.org/natural
21 http 304 https://registry.npmjs.org/natural
22 verbose headers { date: 'Mon, 29 May 2017 13:56:34 GMT',
22 verbose headers   via: '1.1 varnish',
22 verbose headers   'cache-control': 'max-age=300',
22 verbose headers   etag: 'W/"59260ee8-186d8"',
22 verbose headers   age: '124',
22 verbose headers   connection: 'keep-alive',
22 verbose headers   'x-served-by': 'cache-iad2150-IAD',
22 verbose headers   'x-cache': 'HIT',
22 verbose headers   'x-cache-hits': '1',
22 verbose headers   'x-timer': 'S1496066195.510261,VS0,VE1',
22 verbose headers   vary: 'Accept-Encoding' }
23 silly get cb [ 304,
23 silly get   { date: 'Mon, 29 May 2017 13:56:34 GMT',
23 silly get     via: '1.1 varnish',
23 silly get     'cache-control': 'max-age=300',
23 silly get     etag: 'W/"59260ee8-186d8"',
23 silly get     age: '124',
23 silly get     connection: 'keep-alive',
23 silly get     'x-served-by': 'cache-iad2150-IAD',
23 silly get     'x-cache': 'HIT',
23 silly get     'x-cache-hits': '1',
23 silly get     'x-timer': 'S1496066195.510261,VS0,VE1',
23 silly get     vary: 'Accept-Encoding' } ]
24 verbose etag https://registry.npmjs.org/natural from cache
25 verbose get saving natural to C:\Users\ASharm214\AppData\Roaming\npm-cache\registry.npmjs.org\natural\.cache.json
26 verbose correctMkdir C:\Users\ASharm214\AppData\Roaming\npm-cache correctMkdir not in flight; initializing
27 silly install normalizeTree
28 silly loadCurrentTree Finishing
29 silly loadIdealTree Starting
30 silly install loadIdealTree
31 silly cloneCurrentTree Starting
32 silly install cloneCurrentTreeToIdealTree
33 silly cloneCurrentTree Finishing
34 silly loadShrinkwrap Starting
35 silly install loadShrinkwrap
36 silly loadShrinkwrap Finishing
37 silly loadAllDepsIntoIdealTree Starting
38 silly install loadAllDepsIntoIdealTree
39 silly resolveWithNewModule natural@0.5.1 checking installable status
40 silly cache add args [ 'natural@*', null ]
41 verbose cache add spec natural@*
42 silly cache add parsed spec Result {
42 silly cache add   raw: 'natural@*',
42 silly cache add   scope: null,
42 silly cache add   escapedName: 'natural',
42 silly cache add   name: 'natural',
42 silly cache add   rawSpec: '*',
42 silly cache add   spec: '*',
42 silly cache add   type: 'range' }
43 silly addNamed natural@*
44 verbose addNamed "*" is a valid semver range for natural
45 silly addNameRange { name: 'natural', range: '*', hasData: false }
46 silly mapToRegistry name natural
47 silly mapToRegistry using default registry
48 silly mapToRegistry registry https://registry.npmjs.org/
49 silly mapToRegistry data Result {
49 silly mapToRegistry   raw: 'natural',
49 silly mapToRegistry   scope: null,
49 silly mapToRegistry   escapedName: 'natural',
49 silly mapToRegistry   name: 'natural',
49 silly mapToRegistry   rawSpec: '',
49 silly mapToRegistry   spec: 'latest',
49 silly mapToRegistry   type: 'tag' }
50 silly mapToRegistry uri https://registry.npmjs.org/natural
51 verbose addNameRange registry:https://registry.npmjs.org/natural not in flight; fetching
52 verbose get https://registry.npmjs.org/natural not expired, no request
53 silly addNameRange number 2 { name: 'natural', range: '*', hasData: true }
54 silly addNameRange versions [ 'natural',
54 silly addNameRange   [ '0.0.54',
54 silly addNameRange     '0.0.27',
54 silly addNameRange     '0.0.55',
54 silly addNameRange     '0.0.56',
54 silly addNameRange     '0.0.57',
54 silly addNameRange     '0.0.58',
54 silly addNameRange     '0.0.60',
54 silly addNameRange     '0.0.61',
54 silly addNameRange     '0.0.62',
54 silly addNameRange     '0.0.63',
54 silly addNameRange     '0.0.64',
54 silly addNameRange     '0.0.65',
54 silly addNameRange     '0.0.66',
54 silly addNameRange     '0.0.67',
54 silly addNameRange     '0.0.68',
54 silly addNameRange     '0.0.69',
54 silly addNameRange     '0.1.0',
54 silly addNameRange     '0.1.1',
54 silly addNameRange     '0.1.2',
54 silly addNameRange     '0.1.3',
54 silly addNameRange     '0.1.4',
54 silly addNameRange     '0.1.5',
54 silly addNameRange     '0.1.6',
54 silly addNameRange     '0.1.7',
54 silly addNameRange     '0.1.8',
54 silly addNameRange     '0.1.9',
54 silly addNameRange     '0.1.10',
54 silly addNameRange     '0.1.11',
54 silly addNameRange     '0.1.12',
54 silly addNameRange     '0.1.13',
54 silly addNameRange     '0.1.14',
54 silly addNameRange     '0.1.15',
54 silly addNameRange     '0.1.16',
54 silly addNameRange     '0.1.17',
54 silly addNameRange     '0.1.18',
54 silly addNameRange     '0.1.19',
54 silly addNameRange     '0.1.20',
54 silly addNameRange     '0.1.21',
54 silly addNameRange     '0.1.22',
54 silly addNameRange     '0.1.23',
54 silly addNameRange     '0.1.24',
54 silly addNameRange     '0.1.25',
54 silly addNameRange     '0.1.26',
54 silly addNameRange     '0.1.27',
54 silly addNameRange     '0.1.28',
54 silly addNameRange     '0.1.29',
54 silly addNameRange     '0.2.0',
54 silly addNameRange     '0.2.1',
54 silly addNameRange     '0.4.0',
54 silly addNameRange     '0.5.0',
54 silly addNameRange     '0.5.1' ] ]
55 silly addNamed natural@0.5.1
56 verbose addNamed "0.5.1" is a plain semver version for natural
57 silly cache afterAdd natural@0.5.1
58 verbose afterAdd C:\Users\ASharm214\AppData\Roaming\npm-cache\natural\0.5.1\package\package.json not in flight; writing
59 verbose correctMkdir C:\Users\ASharm214\AppData\Roaming\npm-cache correctMkdir not in flight; initializing
60 verbose afterAdd C:\Users\ASharm214\AppData\Roaming\npm-cache\natural\0.5.1\package\package.json written
61 silly fetchNamedPackageData webworker-threads
62 silly mapToRegistry name webworker-threads
63 silly mapToRegistry using default registry
64 silly mapToRegistry registry https://registry.npmjs.org/
65 silly mapToRegistry data Result {
65 silly mapToRegistry   raw: 'webworker-threads',
65 silly mapToRegistry   scope: null,
65 silly mapToRegistry   escapedName: 'webworker-threads',
65 silly mapToRegistry   name: 'webworker-threads',
65 silly mapToRegistry   rawSpec: '',
65 silly mapToRegistry   spec: 'latest',
65 silly mapToRegistry   type: 'tag' }
66 silly mapToRegistry uri https://registry.npmjs.org/webworker-threads
67 verbose request uri https://registry.npmjs.org/webworker-threads
68 verbose request no auth needed
69 info attempt registry request try #1 at 7:26:35 PM
70 verbose etag W/"59103a90-200a2"
71 verbose lastModified Mon, 08 May 2017 09:29:52 GMT
72 http request GET https://registry.npmjs.org/webworker-threads
73 http 304 https://registry.npmjs.org/webworker-threads
74 verbose headers { date: 'Mon, 29 May 2017 13:56:35 GMT',
74 verbose headers   via: '1.1 varnish',
74 verbose headers   'cache-control': 'max-age=300',
74 verbose headers   etag: 'W/"59103a90-200a2"',
74 verbose headers   age: '127',
74 verbose headers   connection: 'keep-alive',
74 verbose headers   'x-served-by': 'cache-iad2150-IAD',
74 verbose headers   'x-cache': 'HIT',
74 verbose headers   'x-cache-hits': '1',
74 verbose headers   'x-timer': 'S1496066195.210440,VS0,VE0',
74 verbose headers   vary: 'Accept-Encoding' }
75 silly get cb [ 304,
75 silly get   { date: 'Mon, 29 May 2017 13:56:35 GMT',
75 silly get     via: '1.1 varnish',
75 silly get     'cache-control': 'max-age=300',
75 silly get     etag: 'W/"59103a90-200a2"',
75 silly get     age: '127',
75 silly get     connection: 'keep-alive',
75 silly get     'x-served-by': 'cache-iad2150-IAD',
75 silly get     'x-cache': 'HIT',
75 silly get     'x-cache-hits': '1',
75 silly get     'x-timer': 'S1496066195.210440,VS0,VE0',
75 silly get     vary: 'Accept-Encoding' } ]
76 verbose etag https://registry.npmjs.org/webworker-threads from cache
77 verbose get saving webworker-threads to C:\Users\ASharm214\AppData\Roaming\npm-cache\registry.npmjs.org\webworker-threads\.cache.json
78 verbose correctMkdir C:\Users\ASharm214\AppData\Roaming\npm-cache correctMkdir not in flight; initializing
79 silly resolveWithNewModule webworker-threads@0.7.11 checking installable status
80 silly cache add args [ 'webworker-threads@>=0.6.2', null ]
81 verbose cache add spec webworker-threads@>=0.6.2
82 silly cache add parsed spec Result {
82 silly cache add   raw: 'webworker-threads@>=0.6.2',
82 silly cache add   scope: null,
82 silly cache add   escapedName: 'webworker-threads',
82 silly cache add   name: 'webworker-threads',
82 silly cache add   rawSpec: '>=0.6.2',
82 silly cache add   spec: '>=0.6.2',
82 silly cache add   type: 'range' }
83 silly addNamed webworker-threads@>=0.6.2
84 verbose addNamed ">=0.6.2" is a valid semver range for webworker-threads
85 silly addNameRange { name: 'webworker-threads', range: '>=0.6.2', hasData: false }
86 silly mapToRegistry name webworker-threads
87 silly mapToRegistry using default registry
88 silly mapToRegistry registry https://registry.npmjs.org/
89 silly mapToRegistry data Result {
89 silly mapToRegistry   raw: 'webworker-threads',
89 silly mapToRegistry   scope: null,
89 silly mapToRegistry   escapedName: 'webworker-threads',
89 silly mapToRegistry   name: 'webworker-threads',
89 silly mapToRegistry   rawSpec: '',
89 silly mapToRegistry   spec: 'latest',
89 silly mapToRegistry   type: 'tag' }
90 silly mapToRegistry uri https://registry.npmjs.org/webworker-threads
91 verbose addNameRange registry:https://registry.npmjs.org/webworker-threads not in flight; fetching
92 verbose get https://registry.npmjs.org/webworker-threads not expired, no request
93 silly addNameRange number 2 { name: 'webworker-threads', range: '>=0.6.2', hasData: true }
94 silly addNameRange versions [ 'webworker-threads',
94 silly addNameRange   [ '0.3.0',
94 silly addNameRange     '0.3.1',
94 silly addNameRange     '0.3.2',
94 silly addNameRange     '0.4.0',
94 silly addNameRange     '0.4.1',
94 silly addNameRange     '0.4.2',
94 silly addNameRange     '0.4.3',
94 silly addNameRange     '0.4.4',
94 silly addNameRange     '0.4.5',
94 silly addNameRange     '0.4.6',
94 silly addNameRange     '0.4.7',
94 silly addNameRange     '0.4.8',
94 silly addNameRange     '0.4.9',
94 silly addNameRange     '0.4.10',
94 silly addNameRange     '0.4.11',
94 silly addNameRange     '0.4.12',
94 silly addNameRange     '0.4.13',
94 silly addNameRange     '0.5.1',
94 silly addNameRange     '0.5.2',
94 silly addNameRange     '0.5.3',
94 silly addNameRange     '0.5.5',
94 silly addNameRange     '0.5.6',
94 silly addNameRange     '0.5.7',
94 silly addNameRange     '0.6.0',
94 silly addNameRange     '0.6.1',
94 silly addNameRange     '0.6.2',
94 silly addNameRange     '0.6.3',
94 silly addNameRange     '0.7.0',
94 silly addNameRange     '0.7.1',
94 silly addNameRange     '0.6.4',
94 silly addNameRange     '0.7.2',
94 silly addNameRange     '0.7.3',
94 silly addNameRange     '0.7.4',
94 silly addNameRange     '0.7.5',
94 silly addNameRange     '0.7.7',
94 silly addNameRange     '0.7.8',
94 silly addNameRange     '0.7.9',
94 silly addNameRange     '0.7.10',
94 silly addNameRange     '0.7.11' ] ]
95 silly addNamed webworker-threads@0.7.11
96 verbose addNamed "0.7.11" is a plain semver version for webworker-threads
97 silly cache afterAdd webworker-threads@0.7.11
98 verbose afterAdd C:\Users\ASharm214\AppData\Roaming\npm-cache\webworker-threads\0.7.11\package\package.json not in flight; writing
99 verbose correctMkdir C:\Users\ASharm214\AppData\Roaming\npm-cache correctMkdir not in flight; initializing
100 verbose afterAdd C:\Users\ASharm214\AppData\Roaming\npm-cache\webworker-threads\0.7.11\package\package.json written
101 silly fetchNamedPackageData bindings
102 silly mapToRegistry name bindings
103 silly mapToRegistry using default registry
104 silly mapToRegistry registry https://registry.npmjs.org/
105 silly mapToRegistry data Result {
105 silly mapToRegistry   raw: 'bindings',
105 silly mapToRegistry   scope: null,
105 silly mapToRegistry   escapedName: 'bindings',
105 silly mapToRegistry   name: 'bindings',
105 silly mapToRegistry   rawSpec: '',
105 silly mapToRegistry   spec: 'latest',
105 silly mapToRegistry   type: 'tag' }
106 silly mapToRegistry uri https://registry.npmjs.org/bindings
107 silly fetchNamedPackageData nan
108 silly mapToRegistry name nan
109 silly mapToRegistry using default registry
110 silly mapToRegistry registry https://registry.npmjs.org/
111 silly mapToRegistry data Result {
111 silly mapToRegistry   raw: 'nan',
111 silly mapToRegistry   scope: null,
111 silly mapToRegistry   escapedName: 'nan',
111 silly mapToRegistry   name: 'nan',
111 silly mapToRegistry   rawSpec: '',
111 silly mapToRegistry   spec: 'latest',
111 silly mapToRegistry   type: 'tag' }
112 silly mapToRegistry uri https://registry.npmjs.org/nan
113 verbose request uri https://registry.npmjs.org/bindings
114 verbose request no auth needed
115 info attempt registry request try #1 at 7:26:35 PM
116 verbose etag W/"59234f99-46bf"
117 verbose lastModified Mon, 22 May 2017 20:52:41 GMT
118 http request GET https://registry.npmjs.org/bindings
119 verbose request uri https://registry.npmjs.org/nan
120 verbose request no auth needed
121 info attempt registry request try #1 at 7:26:35 PM
122 verbose etag W/"591906db-1f9db"
123 verbose lastModified Mon, 15 May 2017 01:39:39 GMT
124 http request GET https://registry.npmjs.org/nan
125 http 304 https://registry.npmjs.org/bindings
126 verbose headers { date: 'Mon, 29 May 2017 13:56:35 GMT',
126 verbose headers   via: '1.1 varnish',
126 verbose headers   'cache-control': 'max-age=300',
126 verbose headers   etag: 'W/"59234f99-46bf"',
126 verbose headers   age: '131',
126 verbose headers   connection: 'keep-alive',
126 verbose headers   'x-served-by': 'cache-iad2150-IAD',
126 verbose headers   'x-cache': 'HIT',
126 verbose headers   'x-cache-hits': '1',
126 verbose headers   'x-timer': 'S1496066196.687410,VS0,VE1',
126 verbose headers   vary: 'Accept-Encoding' }
127 silly get cb [ 304,
127 silly get   { date: 'Mon, 29 May 2017 13:56:35 GMT',
127 silly get     via: '1.1 varnish',
127 silly get     'cache-control': 'max-age=300',
127 silly get     etag: 'W/"59234f99-46bf"',
127 silly get     age: '131',
127 silly get     connection: 'keep-alive',
127 silly get     'x-served-by': 'cache-iad2150-IAD',
127 silly get     'x-cache': 'HIT',
127 silly get     'x-cache-hits': '1',
127 silly get     'x-timer': 'S1496066196.687410,VS0,VE1',
127 silly get     vary: 'Accept-Encoding' } ]
128 verbose etag https://registry.npmjs.org/bindings from cache
129 verbose get saving bindings to C:\Users\ASharm214\AppData\Roaming\npm-cache\registry.npmjs.org\bindings\.cache.json
130 verbose correctMkdir C:\Users\ASharm214\AppData\Roaming\npm-cache correctMkdir not in flight; initializing
131 silly resolveWithNewModule bindings@1.2.1 checking installable status
132 silly cache add args [ 'bindings@^1.2.1', null ]
133 verbose cache add spec bindings@^1.2.1
134 silly cache add parsed spec Result {
134 silly cache add   raw: 'bindings@^1.2.1',
134 silly cache add   scope: null,
134 silly cache add   escapedName: 'bindings',
134 silly cache add   name: 'bindings',
134 silly cache add   rawSpec: '^1.2.1',
134 silly cache add   spec: '>=1.2.1 <2.0.0',
134 silly cache add   type: 'range' }
135 silly addNamed bindings@>=1.2.1 <2.0.0
136 verbose addNamed ">=1.2.1 <2.0.0" is a valid semver range for bindings
137 silly addNameRange { name: 'bindings', range: '>=1.2.1 <2.0.0', hasData: false }
138 silly mapToRegistry name bindings
139 silly mapToRegistry using default registry
140 silly mapToRegistry registry https://registry.npmjs.org/
141 silly mapToRegistry data Result {
141 silly mapToRegistry   raw: 'bindings',
141 silly mapToRegistry   scope: null,
141 silly mapToRegistry   escapedName: 'bindings',
141 silly mapToRegistry   name: 'bindings',
141 silly mapToRegistry   rawSpec: '',
141 silly mapToRegistry   spec: 'latest',
141 silly mapToRegistry   type: 'tag' }
142 silly mapToRegistry uri https://registry.npmjs.org/bindings
143 verbose addNameRange registry:https://registry.npmjs.org/bindings not in flight; fetching
144 verbose get https://registry.npmjs.org/bindings not expired, no request
145 silly addNameRange number 2 { name: 'bindings', range: '>=1.2.1 <2.0.0', hasData: true }
146 silly addNameRange versions [ 'bindings',
146 silly addNameRange   [ '0.0.1',
146 silly addNameRange     '0.1.0',
146 silly addNameRange     '0.1.1',
146 silly addNameRange     '0.2.0',
146 silly addNameRange     '0.2.1',
146 silly addNameRange     '0.2.2',
146 silly addNameRange     '0.2.3',
146 silly addNameRange     '0.2.4',
146 silly addNameRange     '0.3.0',
146 silly addNameRange     '0.4.0',
146 silly addNameRange     '1.0.0',
146 silly addNameRange     '1.1.0',
146 silly addNameRange     '1.1.1',
146 silly addNameRange     '1.2.0',
146 silly addNameRange     '1.2.1' ] ]
147 silly addNamed bindings@1.2.1
148 verbose addNamed "1.2.1" is a plain semver version for bindings
149 silly cache afterAdd bindings@1.2.1
150 verbose afterAdd C:\Users\ASharm214\AppData\Roaming\npm-cache\bindings\1.2.1\package\package.json not in flight; writing
151 verbose correctMkdir C:\Users\ASharm214\AppData\Roaming\npm-cache correctMkdir not in flight; initializing
152 verbose afterAdd C:\Users\ASharm214\AppData\Roaming\npm-cache\bindings\1.2.1\package\package.json written
153 http 304 https://registry.npmjs.org/nan
154 verbose headers { date: 'Mon, 29 May 2017 13:56:36 GMT',
154 verbose headers   via: '1.1 varnish',
154 verbose headers   'cache-control': 'max-age=300',
154 verbose headers   etag: 'W/"591906db-1f9db"',
154 verbose headers   age: '205',
154 verbose headers   connection: 'keep-alive',
154 verbose headers   'x-served-by': 'cache-iad2149-IAD',
154 verbose headers   'x-cache': 'HIT',
154 verbose headers   'x-cache-hits': '8',
154 verbose headers   'x-timer': 'S1496066197.910698,VS0,VE0',
154 verbose headers   vary: 'Accept-Encoding' }
155 silly get cb [ 304,
155 silly get   { date: 'Mon, 29 May 2017 13:56:36 GMT',
155 silly get     via: '1.1 varnish',
155 silly get     'cache-control': 'max-age=300',
155 silly get     etag: 'W/"591906db-1f9db"',
155 silly get     age: '205',
155 silly get     connection: 'keep-alive',
155 silly get     'x-served-by': 'cache-iad2149-IAD',
155 silly get     'x-cache': 'HIT',
155 silly get     'x-cache-hits': '8',
155 silly get     'x-timer': 'S1496066197.910698,VS0,VE0',
155 silly get     vary: 'Accept-Encoding' } ]
156 verbose etag https://registry.npmjs.org/nan from cache
157 verbose get saving nan to C:\Users\ASharm214\AppData\Roaming\npm-cache\registry.npmjs.org\nan\.cache.json
158 verbose correctMkdir C:\Users\ASharm214\AppData\Roaming\npm-cache correctMkdir not in flight; initializing
159 silly resolveWithNewModule nan@2.6.2 checking installable status
160 silly cache add args [ 'nan@^2.4.0', null ]
161 verbose cache add spec nan@^2.4.0
162 silly cache add parsed spec Result {
162 silly cache add   raw: 'nan@^2.4.0',
162 silly cache add   scope: null,
162 silly cache add   escapedName: 'nan',
162 silly cache add   name: 'nan',
162 silly cache add   rawSpec: '^2.4.0',
162 silly cache add   spec: '>=2.4.0 <3.0.0',
162 silly cache add   type: 'range' }
163 silly addNamed nan@>=2.4.0 <3.0.0
164 verbose addNamed ">=2.4.0 <3.0.0" is a valid semver range for nan
165 silly addNameRange { name: 'nan', range: '>=2.4.0 <3.0.0', hasData: false }
166 silly mapToRegistry name nan
167 silly mapToRegistry using default registry
168 silly mapToRegistry registry https://registry.npmjs.org/
169 silly mapToRegistry data Result {
169 silly mapToRegistry   raw: 'nan',
169 silly mapToRegistry   scope: null,
169 silly mapToRegistry   escapedName: 'nan',
169 silly mapToRegistry   name: 'nan',
169 silly mapToRegistry   rawSpec: '',
169 silly mapToRegistry   spec: 'latest',
169 silly mapToRegistry   type: 'tag' }
170 silly mapToRegistry uri https://registry.npmjs.org/nan
171 verbose addNameRange registry:https://registry.npmjs.org/nan not in flight; fetching
172 verbose get https://registry.npmjs.org/nan not expired, no request
173 silly addNameRange number 2 { name: 'nan', range: '>=2.4.0 <3.0.0', hasData: true }
174 silly addNameRange versions [ 'nan',
174 silly addNameRange   [ '0.3.0-wip',
174 silly addNameRange     '0.3.0-wip2',
174 silly addNameRange     '0.3.0',
174 silly addNameRange     '0.3.1',
174 silly addNameRange     '0.3.2',
174 silly addNameRange     '0.4.0',
174 silly addNameRange     '0.4.1',
174 silly addNameRange     '0.4.2',
174 silly addNameRange     '0.4.3',
174 silly addNameRange     '0.4.4',
174 silly addNameRange     '0.5.0',
174 silly addNameRange     '0.5.1',
174 silly addNameRange     '0.5.2',
174 silly addNameRange     '0.6.0',
174 silly addNameRange     '0.7.0',
174 silly addNameRange     '0.7.1',
174 silly addNameRange     '0.8.0',
174 silly addNameRange     '1.0.0',
174 silly addNameRange     '1.1.0',
174 silly addNameRange     '1.1.1',
174 silly addNameRange     '1.1.2',
174 silly addNameRange     '1.2.0',
174 silly addNameRange     '1.3.0',
174 silly addNameRange     '1.4.0',
174 silly addNameRange     '1.4.1',
174 silly addNameRange     '1.5.0',
174 silly addNameRange     '1.4.2',
174 silly addNameRange     '1.4.3',
174 silly addNameRange     '1.5.1',
174 silly addNameRange     '1.5.2',
174 silly addNameRange     '1.6.0',
174 silly addNameRange     '1.5.3',
174 silly addNameRange     '1.6.1',
174 silly addNameRange     '1.6.2',
174 silly addNameRange     '1.7.0',
174 silly addNameRange     '1.8.0',
174 silly addNameRange     '1.8.1',
174 silly addNameRange     '1.8.2',
174 silly addNameRange     '1.8.3',
174 silly addNameRange     '1.8.4',
174 silly addNameRange     '1.9.0',
174 silly addNameRange     '2.0.0',
174 silly addNameRange     '2.0.1',
174 silly addNameRange     '2.0.2',
174 silly addNameRange     '2.0.3',
174 silly addNameRange     '2.0.4',
174 silly addNameRange     '2.0.5',
174 silly addNameRange     '2.0.6',
174 silly addNameRange     '2.0.7',
174 silly addNameRange     '2.0.8',
174 silly addNameRange     '2.0.9',
174 silly addNameRange     '2.1.0',
174 silly addNameRange     '2.2.0',
174 silly addNameRange     '2.2.1',
174 silly addNameRange     '2.3.0',
174 silly addNameRange     '2.3.1',
174 silly addNameRange     '2.3.2',
174 silly addNameRange     '2.3.3',
174 silly addNameRange     '2.3.4',
174 silly addNameRange     '2.3.5',
174 silly addNameRange     '2.4.0',
174 silly addNameRange     '2.5.0',
174 silly addNameRange     '2.5.1',
174 silly addNameRange     '2.6.0',
174 silly addNameRange     '2.6.1',
174 silly addNameRange     '2.6.2' ] ]
175 silly addNamed nan@2.6.2
176 verbose addNamed "2.6.2" is a plain semver version for nan
177 silly cache afterAdd nan@2.6.2
178 verbose afterAdd C:\Users\ASharm214\AppData\Roaming\npm-cache\nan\2.6.2\package\package.json not in flight; writing
179 verbose correctMkdir C:\Users\ASharm214\AppData\Roaming\npm-cache correctMkdir not in flight; initializing
180 verbose afterAdd C:\Users\ASharm214\AppData\Roaming\npm-cache\nan\2.6.2\package\package.json written
181 silly loadAllDepsIntoIdealTree Finishing
182 silly loadIdealTree Finishing
183 silly currentTree prediction-model@1.0.0
183 silly currentTree +-- accepts@1.3.3
183 silly currentTree +-- ajv@4.11.8
183 silly currentTree +-- apparatus@0.0.9
183 silly currentTree +-- array-flatten@1.1.1
183 silly currentTree +-- asn1@0.2.3
183 silly currentTree +-- assert-plus@0.2.0
183 silly currentTree +-- asynckit@0.4.0
183 silly currentTree +-- aws-sign2@0.6.0
183 silly currentTree +-- aws4@1.6.0
183 silly currentTree +-- bcrypt-pbkdf@1.0.1
183 silly currentTree +-- body-parser@1.17.2
183 silly currentTree +-- boom@2.10.1
183 silly currentTree +-- brain.js@0.7.0
183 silly currentTree +-- bytes@2.4.0
183 silly currentTree +-- caseless@0.12.0
183 silly currentTree +-- co@4.6.0
183 silly currentTree +-- combined-stream@1.0.5
183 silly currentTree +-- content-disposition@0.5.2
183 silly currentTree +-- content-type@1.0.2
183 silly currentTree +-- cookie-parser@1.4.3
183 silly currentTree +-- cookie-signature@1.0.6
183 silly currentTree +-- cookie@0.3.1
183 silly currentTree +-- core-util-is@1.0.2
183 silly currentTree +-- cryptiles@2.0.5
183 silly currentTree +-- dashdash@1.14.1
183 silly currentTree | `-- assert-plus@1.0.0
183 silly currentTree +-- date-format@0.0.0
183 silly currentTree +-- debug@2.6.7
183 silly currentTree +-- delayed-stream@1.0.0
183 silly currentTree +-- depd@1.1.0
183 silly currentTree +-- destroy@1.0.4
183 silly currentTree +-- ecc-jsbn@0.1.1
183 silly currentTree +-- ee-first@1.1.1
183 silly currentTree +-- encodeurl@1.0.1
183 silly currentTree +-- escape-html@1.0.3
183 silly currentTree +-- etag@1.8.0
183 silly currentTree +-- express@4.15.3
183 silly currentTree +-- extend@3.0.1
183 silly currentTree +-- extsprintf@1.0.2
183 silly currentTree +-- fast-url-parser@1.1.3
183 silly currentTree +-- finalhandler@1.0.3
183 silly currentTree +-- forever-agent@0.6.1
183 silly currentTree +-- form-data@2.1.4
183 silly currentTree +-- forwarded@0.1.0
183 silly currentTree +-- fresh@0.5.0
183 silly currentTree +-- getpass@0.1.7
183 silly currentTree | `-- assert-plus@1.0.0
183 silly currentTree +-- har-schema@1.0.5
183 silly currentTree +-- har-validator@4.2.1
183 silly currentTree +-- hawk@3.1.3
183 silly currentTree +-- hoek@2.16.3
183 silly currentTree +-- http-errors@1.6.1
183 silly currentTree +-- http-signature@1.1.1
183 silly currentTree +-- iconv-lite@0.4.15
183 silly currentTree +-- inherits@2.0.3
183 silly currentTree +-- ipaddr.js@1.3.0
183 silly currentTree +-- is-typedarray@1.0.0
183 silly currentTree +-- isarray@0.0.1
183 silly currentTree +-- isstream@0.1.2
183 silly currentTree +-- jodid25519@1.0.2
183 silly currentTree +-- jsbn@0.1.1
183 silly currentTree +-- json-schema@0.2.3
183 silly currentTree +-- json-stable-stringify@1.0.1
183 silly currentTree +-- json-stringify-safe@5.0.1
183 silly currentTree +-- jsonify@0.0.0
183 silly currentTree +-- jsprim@1.4.0
183 silly currentTree | `-- assert-plus@1.0.0
183 silly currentTree +-- lodash@4.17.4
183 silly currentTree +-- log4js@1.1.1
183 silly currentTree +-- media-typer@0.3.0
183 silly currentTree +-- merge-descriptors@1.0.1
183 silly currentTree +-- methods@1.1.2
183 silly currentTree +-- mime-db@1.27.0
183 silly currentTree +-- mime-types@2.1.15
183 silly currentTree +-- mime@1.3.4
183 silly currentTree +-- minimist@0.0.8
183 silly currentTree +-- mkdirp@0.5.1
183 silly currentTree +-- ms@2.0.0
183 silly currentTree +-- natural-brain@0.2.3
183 silly currentTree | `-- natural@0.4.0
183 silly currentTree +-- negotiator@0.6.1
183 silly currentTree +-- oauth-sign@0.8.2
183 silly currentTree +-- on-finished@2.3.0
183 silly currentTree +-- parseurl@1.3.1
183 silly currentTree +-- path-to-regexp@0.1.7
183 silly currentTree +-- path@0.12.7
183 silly currentTree +-- performance-now@0.2.0
183 silly currentTree +-- process@0.11.10
183 silly currentTree +-- proxy-addr@1.1.4
183 silly currentTree +-- punycode@1.4.1
183 silly currentTree +-- qs@6.4.0
183 silly currentTree +-- range-parser@1.2.0
183 silly currentTree +-- raw-body@2.2.0
183 silly currentTree +-- readable-stream@1.1.14
183 silly currentTree +-- request@2.81.0
183 silly currentTree +-- safe-buffer@5.0.1
183 silly currentTree +-- semver@5.3.0
183 silly currentTree +-- send@0.15.3
183 silly currentTree +-- serve-static@1.12.3
183 silly currentTree +-- setprototypeof@1.0.3
183 silly currentTree +-- sntp@1.0.9
183 silly currentTree +-- sshpk@1.13.0
183 silly currentTree | `-- assert-plus@1.0.0
183 silly currentTree +-- statuses@1.3.1
183 silly currentTree +-- streamroller@0.4.1
183 silly currentTree | `-- debug@0.7.4
183 silly currentTree +-- string_decoder@0.10.31
183 silly currentTree +-- stringstream@0.0.5
183 silly currentTree +-- sylvester@0.0.21
183 silly currentTree +-- tough-cookie@2.3.2
183 silly currentTree +-- tunnel-agent@0.6.0
183 silly currentTree +-- tweetnacl@0.14.5
183 silly currentTree +-- type-is@1.6.15
183 silly currentTree +-- underscore@1.8.3
183 silly currentTree +-- unpipe@1.0.0
183 silly currentTree +-- util@0.10.3
183 silly currentTree | `-- inherits@2.0.1
183 silly currentTree +-- utils-merge@1.0.0
183 silly currentTree +-- uuid@3.0.1
183 silly currentTree +-- vary@1.1.1
183 silly currentTree `-- verror@1.3.6
184 silly idealTree prediction-model@1.0.0
184 silly idealTree +-- accepts@1.3.3
184 silly idealTree +-- ajv@4.11.8
184 silly idealTree +-- apparatus@0.0.9
184 silly idealTree +-- array-flatten@1.1.1
184 silly idealTree +-- asn1@0.2.3
184 silly idealTree +-- assert-plus@0.2.0
184 silly idealTree +-- asynckit@0.4.0
184 silly idealTree +-- aws-sign2@0.6.0
184 silly idealTree +-- aws4@1.6.0
184 silly idealTree +-- bcrypt-pbkdf@1.0.1
184 silly idealTree +-- bindings@1.2.1
184 silly idealTree +-- body-parser@1.17.2
184 silly idealTree +-- boom@2.10.1
184 silly idealTree +-- brain.js@0.7.0
184 silly idealTree +-- bytes@2.4.0
184 silly idealTree +-- caseless@0.12.0
184 silly idealTree +-- co@4.6.0
184 silly idealTree +-- combined-stream@1.0.5
184 silly idealTree +-- content-disposition@0.5.2
184 silly idealTree +-- content-type@1.0.2
184 silly idealTree +-- cookie-parser@1.4.3
184 silly idealTree +-- cookie-signature@1.0.6
184 silly idealTree +-- cookie@0.3.1
184 silly idealTree +-- core-util-is@1.0.2
184 silly idealTree +-- cryptiles@2.0.5
184 silly idealTree +-- dashdash@1.14.1
184 silly idealTree | `-- assert-plus@1.0.0
184 silly idealTree +-- date-format@0.0.0
184 silly idealTree +-- debug@2.6.7
184 silly idealTree +-- delayed-stream@1.0.0
184 silly idealTree +-- depd@1.1.0
184 silly idealTree +-- destroy@1.0.4
184 silly idealTree +-- ecc-jsbn@0.1.1
184 silly idealTree +-- ee-first@1.1.1
184 silly idealTree +-- encodeurl@1.0.1
184 silly idealTree +-- escape-html@1.0.3
184 silly idealTree +-- etag@1.8.0
184 silly idealTree +-- express@4.15.3
184 silly idealTree +-- extend@3.0.1
184 silly idealTree +-- extsprintf@1.0.2
184 silly idealTree +-- fast-url-parser@1.1.3
184 silly idealTree +-- finalhandler@1.0.3
184 silly idealTree +-- forever-agent@0.6.1
184 silly idealTree +-- form-data@2.1.4
184 silly idealTree +-- forwarded@0.1.0
184 silly idealTree +-- fresh@0.5.0
184 silly idealTree +-- getpass@0.1.7
184 silly idealTree | `-- assert-plus@1.0.0
184 silly idealTree +-- har-schema@1.0.5
184 silly idealTree +-- har-validator@4.2.1
184 silly idealTree +-- hawk@3.1.3
184 silly idealTree +-- hoek@2.16.3
184 silly idealTree +-- http-errors@1.6.1
184 silly idealTree +-- http-signature@1.1.1
184 silly idealTree +-- iconv-lite@0.4.15
184 silly idealTree +-- inherits@2.0.3
184 silly idealTree +-- ipaddr.js@1.3.0
184 silly idealTree +-- is-typedarray@1.0.0
184 silly idealTree +-- isarray@0.0.1
184 silly idealTree +-- isstream@0.1.2
184 silly idealTree +-- jodid25519@1.0.2
184 silly idealTree +-- jsbn@0.1.1
184 silly idealTree +-- json-schema@0.2.3
184 silly idealTree +-- json-stable-stringify@1.0.1
184 silly idealTree +-- json-stringify-safe@5.0.1
184 silly idealTree +-- jsonify@0.0.0
184 silly idealTree +-- jsprim@1.4.0
184 silly idealTree | `-- assert-plus@1.0.0
184 silly idealTree +-- lodash@4.17.4
184 silly idealTree +-- log4js@1.1.1
184 silly idealTree +-- media-typer@0.3.0
184 silly idealTree +-- merge-descriptors@1.0.1
184 silly idealTree +-- methods@1.1.2
184 silly idealTree +-- mime-db@1.27.0
184 silly idealTree +-- mime-types@2.1.15
184 silly idealTree +-- mime@1.3.4
184 silly idealTree +-- minimist@0.0.8
184 silly idealTree +-- mkdirp@0.5.1
184 silly idealTree +-- ms@2.0.0
184 silly idealTree +-- nan@2.6.2
184 silly idealTree +-- natural-brain@0.2.3
184 silly idealTree | `-- natural@0.4.0
184 silly idealTree +-- natural@0.5.1
184 silly idealTree +-- negotiator@0.6.1
184 silly idealTree +-- oauth-sign@0.8.2
184 silly idealTree +-- on-finished@2.3.0
184 silly idealTree +-- parseurl@1.3.1
184 silly idealTree +-- path-to-regexp@0.1.7
184 silly idealTree +-- path@0.12.7
184 silly idealTree +-- performance-now@0.2.0
184 silly idealTree +-- process@0.11.10
184 silly idealTree +-- proxy-addr@1.1.4
184 silly idealTree +-- punycode@1.4.1
184 silly idealTree +-- qs@6.4.0
184 silly idealTree +-- range-parser@1.2.0
184 silly idealTree +-- raw-body@2.2.0
184 silly idealTree +-- readable-stream@1.1.14
184 silly idealTree +-- request@2.81.0
184 silly idealTree +-- safe-buffer@5.0.1
184 silly idealTree +-- semver@5.3.0
184 silly idealTree +-- send@0.15.3
184 silly idealTree +-- serve-static@1.12.3
184 silly idealTree +-- setprototypeof@1.0.3
184 silly idealTree +-- sntp@1.0.9
184 silly idealTree +-- sshpk@1.13.0
184 silly idealTree | `-- assert-plus@1.0.0
184 silly idealTree +-- statuses@1.3.1
184 silly idealTree +-- streamroller@0.4.1
184 silly idealTree | `-- debug@0.7.4
184 silly idealTree +-- string_decoder@0.10.31
184 silly idealTree +-- stringstream@0.0.5
184 silly idealTree +-- sylvester@0.0.21
184 silly idealTree +-- tough-cookie@2.3.2
184 silly idealTree +-- tunnel-agent@0.6.0
184 silly idealTree +-- tweetnacl@0.14.5
184 silly idealTree +-- type-is@1.6.15
184 silly idealTree +-- underscore@1.8.3
184 silly idealTree +-- unpipe@1.0.0
184 silly idealTree +-- util@0.10.3
184 silly idealTree | `-- inherits@2.0.1
184 silly idealTree +-- utils-merge@1.0.0
184 silly idealTree +-- uuid@3.0.1
184 silly idealTree +-- vary@1.1.1
184 silly idealTree +-- verror@1.3.6
184 silly idealTree `-- webworker-threads@0.7.11
185 silly generateActionsToTake Starting
186 silly install generateActionsToTake
187 silly generateActionsToTake Finishing
188 silly diffTrees action count 4
189 silly diffTrees add bindings@1.2.1
190 silly diffTrees add nan@2.6.2
191 silly diffTrees add webworker-threads@0.7.11
192 silly diffTrees add natural@0.5.1
193 silly decomposeActions action count 32
194 silly decomposeActions fetch bindings@1.2.1
195 silly decomposeActions extract bindings@1.2.1
196 silly decomposeActions test bindings@1.2.1
197 silly decomposeActions preinstall bindings@1.2.1
198 silly decomposeActions build bindings@1.2.1
199 silly decomposeActions install bindings@1.2.1
200 silly decomposeActions postinstall bindings@1.2.1
201 silly decomposeActions finalize bindings@1.2.1
202 silly decomposeActions fetch nan@2.6.2
203 silly decomposeActions extract nan@2.6.2
204 silly decomposeActions test nan@2.6.2
205 silly decomposeActions preinstall nan@2.6.2
206 silly decomposeActions build nan@2.6.2
207 silly decomposeActions install nan@2.6.2
208 silly decomposeActions postinstall nan@2.6.2
209 silly decomposeActions finalize nan@2.6.2
210 silly decomposeActions fetch webworker-threads@0.7.11
211 silly decomposeActions extract webworker-threads@0.7.11
212 silly decomposeActions test webworker-threads@0.7.11
213 silly decomposeActions preinstall webworker-threads@0.7.11
214 silly decomposeActions build webworker-threads@0.7.11
215 silly decomposeActions install webworker-threads@0.7.11
216 silly decomposeActions postinstall webworker-threads@0.7.11
217 silly decomposeActions finalize webworker-threads@0.7.11
218 silly decomposeActions fetch natural@0.5.1
219 silly decomposeActions extract natural@0.5.1
220 silly decomposeActions test natural@0.5.1
221 silly decomposeActions preinstall natural@0.5.1
222 silly decomposeActions build natural@0.5.1
223 silly decomposeActions install natural@0.5.1
224 silly decomposeActions postinstall natural@0.5.1
225 silly decomposeActions finalize natural@0.5.1
226 silly runTopLevelLifecycles Starting
227 silly executeActions Starting
228 silly install executeActions
229 silly doSerial global-install 0
230 silly doParallel fetch 4
231 verbose correctMkdir C:\Users\ASharm214\AppData\Roaming\npm-cache\_locks correctMkdir not in flight; initializing
232 verbose lock using C:\Users\ASharm214\AppData\Roaming\npm-cache\_locks\staging-67daba5c87094781.lock for C:\Ankit\myGit\predictionModel\node_modules\.staging
233 silly doParallel extract 4
234 silly extract bindings@1.2.1
235 silly extract nan@2.6.2
236 silly extract webworker-threads@0.7.11
237 silly extract natural@0.5.1
238 verbose unbuild node_modules\.staging\bindings-876aa265
239 verbose unbuild node_modules\.staging\webworker-threads-3b14ca08
240 verbose unbuild node_modules\.staging\nan-3492f4e7
241 silly gentlyRm C:\Ankit\myGit\predictionModel\node_modules\.staging\bindings-876aa265 is being purged from base C:\Ankit\myGit\predictionModel
242 verbose gentlyRm don't care about contents; nuking C:\Ankit\myGit\predictionModel\node_modules\.staging\bindings-876aa265
243 silly gentlyRm C:\Ankit\myGit\predictionModel\node_modules\.staging\nan-3492f4e7 is being purged from base C:\Ankit\myGit\predictionModel
244 verbose gentlyRm don't care about contents; nuking C:\Ankit\myGit\predictionModel\node_modules\.staging\nan-3492f4e7
245 silly gentlyRm C:\Ankit\myGit\predictionModel\node_modules\.staging\webworker-threads-3b14ca08 is being purged from base C:\Ankit\myGit\predictionModel
246 verbose gentlyRm don't care about contents; nuking C:\Ankit\myGit\predictionModel\node_modules\.staging\webworker-threads-3b14ca08
247 verbose tar unpack C:\Users\ASharm214\AppData\Roaming\npm-cache\bindings\1.2.1\package.tgz
248 verbose tar unpacking to C:\Ankit\myGit\predictionModel\node_modules\.staging\bindings-876aa265
249 silly gentlyRm C:\Ankit\myGit\predictionModel\node_modules\.staging\bindings-876aa265 is being purged
250 verbose gentlyRm don't care about contents; nuking C:\Ankit\myGit\predictionModel\node_modules\.staging\bindings-876aa265
251 verbose unbuild node_modules\.staging\natural-4ed1b97a
252 verbose tar unpack C:\Users\ASharm214\AppData\Roaming\npm-cache\nan\2.6.2\package.tgz
253 verbose tar unpacking to C:\Ankit\myGit\predictionModel\node_modules\.staging\nan-3492f4e7
254 silly gentlyRm C:\Ankit\myGit\predictionModel\node_modules\.staging\nan-3492f4e7 is being purged
255 verbose gentlyRm don't care about contents; nuking C:\Ankit\myGit\predictionModel\node_modules\.staging\nan-3492f4e7
256 verbose tar unpack C:\Users\ASharm214\AppData\Roaming\npm-cache\webworker-threads\0.7.11\package.tgz
257 verbose tar unpacking to C:\Ankit\myGit\predictionModel\node_modules\.staging\webworker-threads-3b14ca08
258 silly gentlyRm C:\Ankit\myGit\predictionModel\node_modules\.staging\webworker-threads-3b14ca08 is being purged
259 verbose gentlyRm don't care about contents; nuking C:\Ankit\myGit\predictionModel\node_modules\.staging\webworker-threads-3b14ca08
260 silly gunzTarPerm modes [ '777', '666' ]
261 silly gunzTarPerm modes [ '777', '666' ]
262 silly gunzTarPerm modes [ '777', '666' ]
263 silly gentlyRm C:\Ankit\myGit\predictionModel\node_modules\.staging\natural-4ed1b97a is being purged from base C:\Ankit\myGit\predictionModel
264 verbose gentlyRm don't care about contents; nuking C:\Ankit\myGit\predictionModel\node_modules\.staging\natural-4ed1b97a
265 verbose tar unpack C:\Users\ASharm214\AppData\Roaming\npm-cache\natural\0.5.1\package.tgz
266 verbose tar unpacking to C:\Ankit\myGit\predictionModel\node_modules\.staging\natural-4ed1b97a
267 silly gentlyRm C:\Ankit\myGit\predictionModel\node_modules\.staging\natural-4ed1b97a is being purged
268 verbose gentlyRm don't care about contents; nuking C:\Ankit\myGit\predictionModel\node_modules\.staging\natural-4ed1b97a
269 silly gunzTarPerm modes [ '777', '666' ]
270 silly gunzTarPerm extractEntry package.json
271 silly gunzTarPerm modified mode [ 'package.json', 436, 438 ]
272 silly gunzTarPerm extractEntry package.json
273 silly gunzTarPerm modified mode [ 'package.json', 436, 438 ]
274 silly gunzTarPerm extractEntry package.json
275 silly gunzTarPerm modified mode [ 'package.json', 420, 438 ]
276 silly gunzTarPerm extractEntry package.json
277 silly gunzTarPerm modified mode [ 'package.json', 436, 438 ]
278 silly gunzTarPerm extractEntry README.md
279 silly gunzTarPerm modified mode [ 'README.md', 436, 438 ]
280 silly gunzTarPerm extractEntry .npmignore
281 silly gunzTarPerm modified mode [ '.npmignore', 420, 438 ]
282 silly gunzTarPerm extractEntry README.md
283 silly gunzTarPerm modified mode [ 'README.md', 436, 438 ]
284 silly gunzTarPerm extractEntry include_dirs.js
285 silly gunzTarPerm modified mode [ 'include_dirs.js', 436, 438 ]
286 silly gunzTarPerm extractEntry README.md
287 silly gunzTarPerm modified mode [ 'README.md', 420, 438 ]
288 silly gunzTarPerm extractEntry bindings.js
289 silly gunzTarPerm modified mode [ 'bindings.js', 420, 438 ]
290 silly gunzTarPerm extractEntry .npmignore
291 silly gunzTarPerm modified mode [ '.npmignore', 436, 438 ]
292 silly gunzTarPerm extractEntry README.md
293 silly gunzTarPerm modified mode [ 'README.md', 436, 438 ]
294 silly gunzTarPerm extractEntry nan_converters_43_inl.h
295 silly gunzTarPerm modified mode [ 'nan_converters_43_inl.h', 436, 438 ]
296 silly gunzTarPerm extractEntry LICENSE.md
297 silly gunzTarPerm modified mode [ 'LICENSE.md', 436, 438 ]
298 silly gunzTarPerm extractEntry doc/new.md
299 silly gunzTarPerm modified mode [ 'doc/new.md', 436, 438 ]
300 silly gunzTarPerm extractEntry LICENSE
301 silly gunzTarPerm modified mode [ 'LICENSE', 420, 438 ]
302 silly gunzTarPerm extractEntry index.js
303 silly gunzTarPerm modified mode [ 'index.js', 436, 438 ]
304 silly gunzTarPerm extractEntry doc/asyncworker.md
305 silly gunzTarPerm modified mode [ 'doc/asyncworker.md', 436, 438 ]
306 silly gunzTarPerm extractEntry index.js
307 silly gunzTarPerm modified mode [ 'index.js', 420, 438 ]
308 silly gunzTarPerm extractEntry test-package.js
309 silly gunzTarPerm modified mode [ 'test-package.js', 436, 438 ]
310 silly gunzTarPerm extractEntry test.js
311 silly gunzTarPerm modified mode [ 'test.js', 420, 438 ]
312 silly gunzTarPerm extractEntry bayes_classifier.json
313 silly gunzTarPerm modified mode [ 'bayes_classifier.json', 436, 438 ]
314 silly gunzTarPerm extractEntry CONTRIBUTING.md
315 silly gunzTarPerm modified mode [ 'CONTRIBUTING.md', 436, 438 ]
316 silly gunzTarPerm extractEntry LICENSE.txt
317 silly gunzTarPerm modified mode [ 'LICENSE.txt', 436, 438 ]
318 silly gunzTarPerm extractEntry deps/minifier/bin/.keep
319 silly gunzTarPerm modified mode [ 'deps/minifier/bin/.keep', 436, 438 ]
320 silly gunzTarPerm extractEntry Makefile
321 silly gunzTarPerm modified mode [ 'Makefile', 436, 438 ]
322 silly gunzTarPerm extractEntry doc/callback.md
323 silly gunzTarPerm modified mode [ 'doc/callback.md', 436, 438 ]
324 silly gunzTarPerm extractEntry doc/converters.md
325 silly gunzTarPerm modified mode [ 'doc/converters.md', 436, 438 ]
326 silly gunzTarPerm extractEntry deps/minifier/src/minify.c
327 silly gunzTarPerm modified mode [ 'deps/minifier/src/minify.c', 420, 438 ]
328 silly gunzTarPerm extractEntry deps/minifier/src/test
329 silly gunzTarPerm modified mode [ 'deps/minifier/src/test', 493, 511 ]
330 silly gunzTarPerm extractEntry doc/errors.md
331 silly gunzTarPerm modified mode [ 'doc/errors.md', 436, 438 ]
332 silly gunzTarPerm extractEntry doc/json.md
333 silly gunzTarPerm modified mode [ 'doc/json.md', 436, 438 ]
334 silly gunzTarPerm extractEntry .editorconfig
335 silly gunzTarPerm modified mode [ '.editorconfig', 436, 438 ]
336 silly gunzTarPerm extractEntry .travis.yml
337 silly gunzTarPerm modified mode [ '.travis.yml', 436, 438 ]
338 silly gunzTarPerm extractEntry deps/minifier/src/test.include.c
339 silly gunzTarPerm modified mode [ 'deps/minifier/src/test.include.c', 420, 438 ]
340 silly gunzTarPerm extractEntry deps/minifier/src/test_minifier.c
341 silly gunzTarPerm modified mode [ 'deps/minifier/src/test_minifier.c', 420, 438 ]
342 silly gunzTarPerm extractEntry lib/natural/index.js
343 silly gunzTarPerm modified mode [ 'lib/natural/index.js', 436, 438 ]
344 silly gunzTarPerm extractEntry lib/natural/phonetics/dm_soundex.js
345 silly gunzTarPerm modified mode [ 'lib/natural/phonetics/dm_soundex.js', 436, 438 ]
346 silly gunzTarPerm extractEntry doc/maybe_types.md
347 silly gunzTarPerm modified mode [ 'doc/maybe_types.md', 436, 438 ]
348 silly gunzTarPerm extractEntry doc/methods.md
349 silly gunzTarPerm modified mode [ 'doc/methods.md', 436, 438 ]
350 silly gentlyRm C:\Ankit\myGit\predictionModel\node_modules\.staging\bindings-876aa265\node_modules is being purged
351 verbose gentlyRm don't care about contents; nuking C:\Ankit\myGit\predictionModel\node_modules\.staging\bindings-876aa265\node_modules
352 silly gunzTarPerm extractEntry TODO.md
353 silly gunzTarPerm modified mode [ 'TODO.md', 420, 438 ]
354 silly gunzTarPerm extractEntry benchmark/b00_fibonacci_server_no_threads.js
355 silly gunzTarPerm modified mode [ 'benchmark/b00_fibonacci_server_no_threads.js', 420, 438 ]
356 silly gunzTarPerm extractEntry lib/natural/phonetics/double_metaphone.js
357 silly gunzTarPerm modified mode [ 'lib/natural/phonetics/double_metaphone.js', 436, 438 ]
358 silly gunzTarPerm extractEntry lib/natural/phonetics/metaphone.js
359 silly gunzTarPerm modified mode [ 'lib/natural/phonetics/metaphone.js', 436, 438 ]
360 silly gunzTarPerm extractEntry doc/buffers.md
361 silly gunzTarPerm modified mode [ 'doc/buffers.md', 436, 438 ]
362 silly gunzTarPerm extractEntry doc/node_misc.md
363 silly gunzTarPerm modified mode [ 'doc/node_misc.md', 436, 438 ]
364 silly gunzTarPerm extractEntry lib/natural/phonetics/phonetic.js
365 silly gunzTarPerm modified mode [ 'lib/natural/phonetics/phonetic.js', 436, 438 ]
366 silly gunzTarPerm extractEntry lib/natural/phonetics/soundex.js
367 silly gunzTarPerm modified mode [ 'lib/natural/phonetics/soundex.js', 436, 438 ]
368 silly gunzTarPerm extractEntry benchmark/b01_fibonacci_server_threads.js
369 silly gunzTarPerm modified mode [ 'benchmark/b01_fibonacci_server_threads.js', 420, 438 ]
370 silly gunzTarPerm extractEntry benchmark/b02_fibonacci_server_threads_pool.js
371 silly gunzTarPerm modified mode [ 'benchmark/b02_fibonacci_server_threads_pool.js', 420, 438 ]
372 silly gunzTarPerm extractEntry doc/object_wrappers.md
373 silly gunzTarPerm modified mode [ 'doc/object_wrappers.md', 436, 438 ]
374 silly gunzTarPerm extractEntry doc/persistent.md
375 silly gunzTarPerm modified mode [ 'doc/persistent.md', 436, 438 ]
376 silly gunzTarPerm extractEntry lib/natural/classifiers/bayes_classifier.js
377 silly gunzTarPerm modified mode [ 'lib/natural/classifiers/bayes_classifier.js', 436, 438 ]
378 silly gunzTarPerm extractEntry lib/natural/classifiers/classifier.js
379 silly gunzTarPerm modified mode [ 'lib/natural/classifiers/classifier.js', 436, 438 ]
380 silly gunzTarPerm extractEntry doc/scopes.md
381 silly gunzTarPerm modified mode [ 'doc/scopes.md', 436, 438 ]
382 silly gunzTarPerm extractEntry doc/script.md
383 silly gunzTarPerm modified mode [ 'doc/script.md', 436, 438 ]
384 silly gunzTarPerm extractEntry benchmark/b03_fibonacci_server_clustered.js
385 silly gunzTarPerm modified mode [ 'benchmark/b03_fibonacci_server_clustered.js', 420, 438 ]
386 silly gunzTarPerm extractEntry benchmark/b04_only_quick.js
387 silly gunzTarPerm modified mode [ 'benchmark/b04_only_quick.js', 420, 438 ]
388 silly gunzTarPerm extractEntry lib/natural/classifiers/logistic_regression_classifier.js
389 silly gunzTarPerm modified mode [ 'lib/natural/classifiers/logistic_regression_classifier.js',
389 silly gunzTarPerm   436,
389 silly gunzTarPerm   438 ]
390 silly gunzTarPerm extractEntry lib/natural/distance/dice_coefficient.js
391 silly gunzTarPerm modified mode [ 'lib/natural/distance/dice_coefficient.js', 436, 438 ]
392 silly gunzTarPerm extractEntry doc/string_bytes.md
393 silly gunzTarPerm modified mode [ 'doc/string_bytes.md', 436, 438 ]
394 silly gunzTarPerm extractEntry doc/v8_internals.md
395 silly gunzTarPerm modified mode [ 'doc/v8_internals.md', 436, 438 ]
396 silly gunzTarPerm extractEntry lib/natural/distance/jaro-winkler_distance.js
397 silly gunzTarPerm modified mode [ 'lib/natural/distance/jaro-winkler_distance.js', 436, 438 ]
398 silly gunzTarPerm extractEntry lib/natural/distance/levenshtein_distance.js
399 silly gunzTarPerm modified mode [ 'lib/natural/distance/levenshtein_distance.js', 436, 438 ]
400 silly gunzTarPerm extractEntry doc/v8_misc.md
401 silly gunzTarPerm modified mode [ 'doc/v8_misc.md', 436, 438 ]
402 silly gunzTarPerm extractEntry nan.h
403 silly gunzTarPerm modified mode [ 'nan.h', 436, 438 ]
404 silly gunzTarPerm extractEntry benchmark/pi.js
405 silly gunzTarPerm modified mode [ 'benchmark/pi.js', 493, 511 ]
406 silly gunzTarPerm extractEntry benchmark/pi_precompiled.js
407 silly gunzTarPerm modified mode [ 'benchmark/pi_precompiled.js', 420, 438 ]
408 silly gunzTarPerm extractEntry nan_callbacks.h
409 silly gunzTarPerm modified mode [ 'nan_callbacks.h', 436, 438 ]
410 silly gunzTarPerm extractEntry nan_callbacks_12_inl.h
411 silly gunzTarPerm modified mode [ 'nan_callbacks_12_inl.h', 436, 438 ]
412 silly gunzTarPerm extractEntry lib/natural/analyzers/sentence_analyzer.js
413 silly gunzTarPerm modified mode [ 'lib/natural/analyzers/sentence_analyzer.js', 436, 438 ]
414 silly gunzTarPerm extractEntry lib/natural/inflectors/count_inflector.js
415 silly gunzTarPerm modified mode [ 'lib/natural/inflectors/count_inflector.js', 436, 438 ]
416 silly gunzTarPerm extractEntry benchmark/doubles.c
417 silly gunzTarPerm modified mode [ 'benchmark/doubles.c', 420, 438 ]
418 silly gunzTarPerm extractEntry benchmark/pi.c
419 silly gunzTarPerm modified mode [ 'benchmark/pi.c', 420, 438 ]
420 silly gunzTarPerm extractEntry nan_callbacks_pre_12_inl.h
421 silly gunzTarPerm modified mode [ 'nan_callbacks_pre_12_inl.h', 436, 438 ]
422 silly gunzTarPerm extractEntry nan_converters.h
423 silly gunzTarPerm modified mode [ 'nan_converters.h', 436, 438 ]
424 silly gunzTarPerm extractEntry nan_converters_pre_43_inl.h
425 silly gunzTarPerm modified mode [ 'nan_converters_pre_43_inl.h', 436, 438 ]
426 silly gunzTarPerm extractEntry nan_implementation_12_inl.h
427 silly gunzTarPerm modified mode [ 'nan_implementation_12_inl.h', 436, 438 ]
428 silly gunzTarPerm extractEntry benchmark/pi.rb
429 silly gunzTarPerm modified mode [ 'benchmark/pi.rb', 493, 511 ]
430 silly gunzTarPerm extractEntry binding.gyp
431 silly gunzTarPerm modified mode [ 'binding.gyp', 436, 438 ]
432 silly gunzTarPerm extractEntry lib/natural/inflectors/form_set.js
433 silly gunzTarPerm modified mode [ 'lib/natural/inflectors/form_set.js', 436, 438 ]
434 silly gunzTarPerm extractEntry lib/natural/inflectors/noun_inflector.js
435 silly gunzTarPerm modified mode [ 'lib/natural/inflectors/noun_inflector.js', 436, 438 ]
436 silly gunzTarPerm extractEntry nan_implementation_pre_12_inl.h
437 silly gunzTarPerm modified mode [ 'nan_implementation_pre_12_inl.h', 436, 438 ]
438 silly gunzTarPerm extractEntry nan_json.h
439 silly gunzTarPerm modified mode [ 'nan_json.h', 436, 438 ]
440 silly gunzTarPerm extractEntry nan_maybe_43_inl.h
441 silly gunzTarPerm modified mode [ 'nan_maybe_43_inl.h', 436, 438 ]
442 silly gunzTarPerm extractEntry nan_maybe_pre_43_inl.h
443 silly gunzTarPerm modified mode [ 'nan_maybe_pre_43_inl.h', 436, 438 ]
444 silly gunzTarPerm extractEntry examples/demo.js
445 silly gunzTarPerm modified mode [ 'examples/demo.js', 420, 438 ]
446 silly gunzTarPerm extractEntry examples/ex03_ping_pong.js
447 silly gunzTarPerm modified mode [ 'examples/ex03_ping_pong.js', 420, 438 ]
448 silly gunzTarPerm extractEntry lib/natural/inflectors/present_verb_inflector.js
449 silly gunzTarPerm modified mode [ 'lib/natural/inflectors/present_verb_inflector.js', 436, 438 ]
450 silly gunzTarPerm extractEntry lib/natural/inflectors/singular_plural_inflector.js
451 silly gunzTarPerm modified mode [ 'lib/natural/inflectors/singular_plural_inflector.js',
451 silly gunzTarPerm   436,
451 silly gunzTarPerm   438 ]
452 silly gunzTarPerm extractEntry nan_new.h
453 silly gunzTarPerm modified mode [ 'nan_new.h', 436, 438 ]
454 silly gunzTarPerm extractEntry nan_object_wrap.h
455 silly gunzTarPerm modified mode [ 'nan_object_wrap.h', 436, 438 ]
456 silly gunzTarPerm extractEntry examples/quickIntro_multiThread.js
457 silly gunzTarPerm modified mode [ 'examples/quickIntro_multiThread.js', 420, 438 ]
458 silly gunzTarPerm extractEntry examples/ex04_main.js
459 silly gunzTarPerm modified mode [ 'examples/ex04_main.js', 420, 438 ]
460 silly gunzTarPerm extractEntry lib/natural/inflectors/fr/count_inflector.js
461 silly gunzTarPerm modified mode [ 'lib/natural/inflectors/fr/count_inflector.js', 436, 438 ]
462 silly gunzTarPerm extractEntry lib/natural/inflectors/fr/noun_inflector.js
463 silly gunzTarPerm modified mode [ 'lib/natural/inflectors/fr/noun_inflector.js', 436, 438 ]
464 silly gunzTarPerm extractEntry nan_persistent_12_inl.h
465 silly gunzTarPerm modified mode [ 'nan_persistent_12_inl.h', 436, 438 ]
466 silly gunzTarPerm extractEntry nan_persistent_pre_12_inl.h
467 silly gunzTarPerm modified mode [ 'nan_persistent_pre_12_inl.h', 436, 438 ]
468 silly gunzTarPerm extractEntry examples/quickIntro_multiThreadEvented.js
469 silly gunzTarPerm modified mode [ 'examples/quickIntro_multiThreadEvented.js', 420, 438 ]
470 silly gunzTarPerm extractEntry examples/ex04_worker.js
471 silly gunzTarPerm modified mode [ 'examples/ex04_worker.js', 420, 438 ]
472 silly gunzTarPerm extractEntry lib/natural/inflectors/ja/noun_inflector.js
473 silly gunzTarPerm modified mode [ 'lib/natural/inflectors/ja/noun_inflector.js', 436, 438 ]
474 silly gunzTarPerm extractEntry lib/natural/ngrams/ngrams.js
475 silly gunzTarPerm modified mode [ 'lib/natural/ngrams/ngrams.js', 436, 438 ]
476 silly gunzTarPerm extractEntry nan_private.h
477 silly gunzTarPerm modified mode [ 'nan_private.h', 436, 438 ]
478 silly gunzTarPerm extractEntry nan_string_bytes.h
479 silly gunzTarPerm modified mode [ 'nan_string_bytes.h', 436, 438 ]
480 silly gunzTarPerm extractEntry examples/quickIntro_fiveThreads.js
481 silly gunzTarPerm modified mode [ 'examples/quickIntro_fiveThreads.js', 420, 438 ]
482 silly gunzTarPerm extractEntry examples/ex05_pool.js
483 silly gunzTarPerm modified mode [ 'examples/ex05_pool.js', 420, 438 ]
484 silly gunzTarPerm extractEntry lib/natural/ngrams/ngrams_zh.js
485 silly gunzTarPerm modified mode [ 'lib/natural/ngrams/ngrams_zh.js', 436, 438 ]
486 silly gunzTarPerm extractEntry lib/natural/normalizers/normalizer.js
487 silly gunzTarPerm modified mode [ 'lib/natural/normalizers/normalizer.js', 436, 438 ]
488 silly gunzTarPerm extractEntry nan_typedarray_contents.h
489 silly gunzTarPerm modified mode [ 'nan_typedarray_contents.h', 436, 438 ]
490 silly gunzTarPerm extractEntry nan_weak.h
491 silly gunzTarPerm modified mode [ 'nan_weak.h', 436, 438 ]
492 silly gunzTarPerm extractEntry examples/quickIntro_evented_childThreadCode.js
493 silly gunzTarPerm modified mode [ 'examples/quickIntro_evented_childThreadCode.js', 420, 438 ]
494 silly gunzTarPerm extractEntry examples/ex01_basic.js
495 silly gunzTarPerm modified mode [ 'examples/ex01_basic.js', 420, 438 ]
496 silly gunzTarPerm extractEntry CHANGELOG.md
497 silly gunzTarPerm modified mode [ 'CHANGELOG.md', 436, 438 ]
498 silly gunzTarPerm extractEntry tools/package.json
499 silly gunzTarPerm modified mode [ 'tools/package.json', 436, 438 ]
500 silly gunzTarPerm extractEntry lib/natural/normalizers/normalizer_ja.js
501 silly gunzTarPerm modified mode [ 'lib/natural/normalizers/normalizer_ja.js', 436, 438 ]
502 silly gunzTarPerm extractEntry lib/natural/normalizers/normalizer_no.js
503 silly gunzTarPerm modified mode [ 'lib/natural/normalizers/normalizer_no.js', 436, 438 ]
504 silly gunzTarPerm extractEntry examples/ex02_events.js
505 silly gunzTarPerm modified mode [ 'examples/ex02_events.js', 420, 438 ]
506 silly gunzTarPerm extractEntry examples/ex06_jason.js
507 silly gunzTarPerm modified mode [ 'examples/ex06_jason.js', 420, 438 ]
508 silly gunzTarPerm extractEntry tools/README.md
509 silly gunzTarPerm modified mode [ 'tools/README.md', 436, 438 ]
510 silly gunzTarPerm extractEntry tools/1to2.js
511 silly gunzTarPerm modified mode [ 'tools/1to2.js', 509, 511 ]
512 silly gunzTarPerm extractEntry examples/quickIntro_oneThread.js
513 silly gunzTarPerm modified mode [ 'examples/quickIntro_oneThread.js', 420, 438 ]
514 silly gunzTarPerm extractEntry examples/quickIntro_blocking.js
515 silly gunzTarPerm modified mode [ 'examples/quickIntro_blocking.js', 420, 438 ]
516 silly gunzTarPerm extractEntry lib/natural/normalizers/remove_diacritics.js
517 silly gunzTarPerm modified mode [ 'lib/natural/normalizers/remove_diacritics.js', 436, 438 ]
518 silly gunzTarPerm extractEntry lib/natural/brill_pos_tagger/data/Dutch/README.txt
519 silly gunzTarPerm modified mode [ 'lib/natural/brill_pos_tagger/data/Dutch/README.txt',
519 silly gunzTarPerm   436,
519 silly gunzTarPerm   438 ]
520 silly gunzTarPerm extractEntry examples/quickIntro_loop.js
521 silly gunzTarPerm modified mode [ 'examples/quickIntro_loop.js', 420, 438 ]
522 silly gunzTarPerm extractEntry examples/quickIntro_oneThreadEvented.js
523 silly gunzTarPerm modified mode [ 'examples/quickIntro_oneThreadEvented.js', 420, 438 ]
524 silly gunzTarPerm extractEntry lib/natural/brill_pos_tagger/data/Dutch/brill_CONTEXTRULES.jg
525 silly gunzTarPerm modified mode [ 'lib/natural/brill_pos_tagger/data/Dutch/brill_CONTEXTRULES.jg',
525 silly gunzTarPerm   436,
525 silly gunzTarPerm   438 ]
526 silly gunzTarPerm extractEntry lib/natural/brill_pos_tagger/data/Dutch/brill_LEXICON.jg
527 silly gunzTarPerm modified mode [ 'lib/natural/brill_pos_tagger/data/Dutch/brill_LEXICON.jg',
527 silly gunzTarPerm   436,
527 silly gunzTarPerm   438 ]
528 silly gunzTarPerm extractEntry examples/ex06_complex.js
529 silly gunzTarPerm modified mode [ 'examples/ex06_complex.js', 420, 438 ]
530 silly gunzTarPerm extractEntry examples/fiveThreads.ls
531 silly gunzTarPerm modified mode [ 'examples/fiveThreads.ls', 493, 511 ]
532 silly gunzTarPerm extractEntry lib/natural/brill_pos_tagger/data/English/README.txt
533 silly gunzTarPerm modified mode [ 'lib/natural/brill_pos_tagger/data/English/README.txt',
533 silly gunzTarPerm   436,
533 silly gunzTarPerm   438 ]
534 silly gunzTarPerm extractEntry examples/multiThreadEvented.ls
535 silly gunzTarPerm modified mode [ 'examples/multiThreadEvented.ls', 493, 511 ]
536 silly gunzTarPerm extractEntry examples/ex06_jason.md
537 silly gunzTarPerm modified mode [ 'examples/ex06_jason.md', 420, 438 ]
538 silly gunzTarPerm extractEntry lib/natural/brill_pos_tagger/data/English/lexicon_from_posjs.json
539 silly gunzTarPerm modified mode [ 'lib/natural/brill_pos_tagger/data/English/lexicon_from_posjs.json',
539 silly gunzTarPerm   436,
539 silly gunzTarPerm   438 ]
540 silly gunzTarPerm extractEntry examples/ex05_pool.md
541 silly gunzTarPerm modified mode [ 'examples/ex05_pool.md', 420, 438 ]
542 silly gunzTarPerm extractEntry examples/ex04_worker.md
543 silly gunzTarPerm modified mode [ 'examples/ex04_worker.md', 420, 438 ]
544 silly gunzTarPerm extractEntry examples/ex04_main.md
545 silly gunzTarPerm modified mode [ 'examples/ex04_main.md', 420, 438 ]
546 silly gunzTarPerm extractEntry examples/ex03_ping_pong.md
547 silly gunzTarPerm modified mode [ 'examples/ex03_ping_pong.md', 420, 438 ]
548 silly gunzTarPerm extractEntry examples/ex02_events.md
549 silly gunzTarPerm modified mode [ 'examples/ex02_events.md', 420, 438 ]
550 silly gunzTarPerm extractEntry examples/ex01_basic.md
551 silly gunzTarPerm modified mode [ 'examples/ex01_basic.md', 420, 438 ]
552 silly gunzTarPerm extractEntry AUTHORS
553 silly gunzTarPerm modified mode [ 'AUTHORS', 420, 438 ]
554 silly gunzTarPerm extractEntry test.ls
555 silly gunzTarPerm modified mode [ 'test.ls', 493, 511 ]
556 silly gunzTarPerm extractEntry CHANGES.md
557 silly gunzTarPerm modified mode [ 'CHANGES.md', 436, 438 ]
558 silly gunzTarPerm extractEntry package.ls
559 silly gunzTarPerm modified mode [ 'package.ls', 509, 511 ]
560 silly gunzTarPerm extractEntry src/load.js
561 silly gunzTarPerm modified mode [ 'src/load.js', 436, 438 ]
562 silly gunzTarPerm extractEntry src/createPool.js
563 silly gunzTarPerm modified mode [ 'src/createPool.js', 436, 438 ]
564 silly gunzTarPerm extractEntry src/events.js
565 silly gunzTarPerm modified mode [ 'src/events.js', 436, 438 ]
566 silly gunzTarPerm extractEntry src/thread_nextTick.js
567 silly gunzTarPerm modified mode [ 'src/thread_nextTick.js', 436, 438 ]
568 silly gunzTarPerm extractEntry src/worker.js
569 silly gunzTarPerm modified mode [ 'src/worker.js', 436, 438 ]
570 silly gunzTarPerm extractEntry src/createPool.js.c
571 silly gunzTarPerm modified mode [ 'src/createPool.js.c', 420, 438 ]
572 silly gunzTarPerm extractEntry src/createPool.ls
573 silly gunzTarPerm modified mode [ 'src/createPool.ls', 420, 438 ]
574 silly gunzTarPerm extractEntry src/bson.cc
575 silly gunzTarPerm modified mode [ 'src/bson.cc', 436, 438 ]
576 silly gunzTarPerm extractEntry src/events.js.c
577 silly gunzTarPerm modified mode [ 'src/events.js.c', 420, 438 ]
578 silly gunzTarPerm extractEntry src/events.ls
579 silly gunzTarPerm modified mode [ 'src/events.ls', 420, 438 ]
580 silly gunzTarPerm extractEntry src/jslib.cc
581 silly gunzTarPerm modified mode [ 'src/jslib.cc', 436, 438 ]
582 silly gunzTarPerm extractEntry src/WebWorkerThreads.cc
583 silly gunzTarPerm modified mode [ 'src/WebWorkerThreads.cc', 436, 438 ]
584 silly gunzTarPerm extractEntry src/load.js.c
585 silly gunzTarPerm modified mode [ 'src/load.js.c', 436, 438 ]
586 silly gunzTarPerm extractEntry src/load.ls
587 silly gunzTarPerm modified mode [ 'src/load.ls', 420, 438 ]
588 silly gunzTarPerm extractEntry src/nan_isolate_data_accessor.h
589 silly gunzTarPerm modified mode [ 'src/nan_isolate_data_accessor.h', 420, 438 ]
590 silly gunzTarPerm extractEntry src/queues_a_gogo.cc
591 silly gunzTarPerm modified mode [ 'src/queues_a_gogo.cc', 420, 438 ]
592 silly gunzTarPerm extractEntry src/bson.h
593 silly gunzTarPerm modified mode [ 'src/bson.h', 420, 438 ]
594 silly gunzTarPerm extractEntry src/thread_nextTick.js.c
595 silly gunzTarPerm modified mode [ 'src/thread_nextTick.js.c', 420, 438 ]
596 silly gunzTarPerm extractEntry src/thread_nextTick.ls
597 silly gunzTarPerm modified mode [ 'src/thread_nextTick.ls', 420, 438 ]
598 silly gunzTarPerm extractEntry src/ArrayBufferAllocator.h
599 silly gunzTarPerm modified mode [ 'src/ArrayBufferAllocator.h', 420, 438 ]
600 silly gunzTarPerm extractEntry src/worker.js.c
601 silly gunzTarPerm modified mode [ 'src/worker.js.c', 436, 438 ]
602 silly gunzTarPerm extractEntry src/worker.ls
603 silly gunzTarPerm modified mode [ 'src/worker.ls', 420, 438 ]
604 silly gunzTarPerm extractEntry test/ab.js
605 silly gunzTarPerm modified mode [ 'test/ab.js', 420, 438 ]
606 silly gunzTarPerm extractEntry test/test11_multi_callbacks.js
607 silly gunzTarPerm modified mode [ 'test/test11_multi_callbacks.js', 420, 438 ]
608 silly gunzTarPerm extractEntry test/test12_precompiled_vs_normal.js
609 silly gunzTarPerm modified mode [ 'test/test12_precompiled_vs_normal.js', 420, 438 ]
610 silly gunzTarPerm extractEntry test/test13_thread_nextTick_speed.js
611 silly gunzTarPerm modified mode [ 'test/test13_thread_nextTick_speed.js', 420, 438 ]
612 silly gunzTarPerm extractEntry test/test10_node_nextTick_speed.js
613 silly gunzTarPerm modified mode [ 'test/test10_node_nextTick_speed.js', 420, 438 ]
614 silly gunzTarPerm extractEntry test/test15_emit_ping_pong.js
615 silly gunzTarPerm modified mode [ 'test/test15_emit_ping_pong.js', 420, 438 ]
616 silly gunzTarPerm extractEntry test/test16_syntax_error_in_the_thread.js
617 silly gunzTarPerm modified mode [ 'test/test16_syntax_error_in_the_thread.js', 420, 438 ]
618 silly gunzTarPerm extractEntry test/test17_pool_pi.js
619 silly gunzTarPerm modified mode [ 'test/test17_pool_pi.js', 420, 438 ]
620 silly gunzTarPerm extractEntry test/test18_pool_any_as_fast_as_possible.js
621 silly gunzTarPerm modified mode [ 'test/test18_pool_any_as_fast_as_possible.js', 420, 438 ]
622 silly gunzTarPerm extractEntry test/test19_pool_emit_any_all.js
623 silly gunzTarPerm modified mode [ 'test/test19_pool_emit_any_all.js', 420, 438 ]
624 silly gunzTarPerm extractEntry test/test09_throw_from_the_callback.js
625 silly gunzTarPerm modified mode [ 'test/test09_throw_from_the_callback.js', 420, 438 ]
626 silly gunzTarPerm extractEntry test/test20_removeAllListeners.js
627 silly gunzTarPerm modified mode [ 'test/test20_removeAllListeners.js', 420, 438 ]
628 silly gunzTarPerm extractEntry test/test08_sigkill_leaks.js
629 silly gunzTarPerm modified mode [ 'test/test08_sigkill_leaks.js', 420, 438 ]
630 silly gunzTarPerm extractEntry test/test21_emit_ping_pong_big_string.js
631 silly gunzTarPerm modified mode [ 'test/test21_emit_ping_pong_big_string.js', 420, 438 ]
632 silly gunzTarPerm extractEntry test/test07_sigkill.js
633 silly gunzTarPerm modified mode [ 'test/test07_sigkill.js', 420, 438 ]
634 silly gunzTarPerm extractEntry test/test22_create_destroy_loop.js
635 silly gunzTarPerm modified mode [ 'test/test22_create_destroy_loop.js', 420, 438 ]
636 silly gentlyRm C:\Ankit\myGit\predictionModel\node_modules\.staging\nan-3492f4e7\node_modules is being purged
637 verbose gentlyRm don't care about contents; nuking C:\Ankit\myGit\predictionModel\node_modules\.staging\nan-3492f4e7\node_modules
638 silly gunzTarPerm extractEntry test/test06_throw_from_the_thread.js
639 silly gunzTarPerm modified mode [ 'test/test06_throw_from_the_thread.js', 420, 438 ]
640 silly gunzTarPerm extractEntry test/test23_create_destroy_loop.js
641 silly gunzTarPerm modified mode [ 'test/test23_create_destroy_loop.js', 420, 438 ]
642 silly gunzTarPerm extractEntry lib/natural/brill_pos_tagger/data/English/tr_from_brill_paper.txt
643 silly gunzTarPerm modified mode [ 'lib/natural/brill_pos_tagger/data/English/tr_from_brill_paper.txt',
643 silly gunzTarPerm   436,
643 silly gunzTarPerm   438 ]
644 silly gunzTarPerm extractEntry lib/natural/brill_pos_tagger/data/English/tr_from_posjs.txt
645 silly gunzTarPerm modified mode [ 'lib/natural/brill_pos_tagger/data/English/tr_from_posjs.txt',
645 silly gunzTarPerm   436,
645 silly gunzTarPerm   438 ]
646 silly gunzTarPerm extractEntry lib/natural/brill_pos_tagger/lib/Brill_POS_Tagger.js
647 silly gunzTarPerm modified mode [ 'lib/natural/brill_pos_tagger/lib/Brill_POS_Tagger.js',
647 silly gunzTarPerm   436,
647 silly gunzTarPerm   438 ]
648 silly gunzTarPerm extractEntry lib/natural/brill_pos_tagger/lib/Lexicon.js
649 silly gunzTarPerm modified mode [ 'lib/natural/brill_pos_tagger/lib/Lexicon.js', 436, 438 ]
650 silly gunzTarPerm extractEntry lib/natural/brill_pos_tagger/lib/Predicate.js
651 silly gunzTarPerm modified mode [ 'lib/natural/brill_pos_tagger/lib/Predicate.js', 436, 438 ]
652 silly gunzTarPerm extractEntry test/test05_debugLeaksNoCallbacks.js
653 silly gunzTarPerm modified mode [ 'test/test05_debugLeaksNoCallbacks.js', 420, 438 ]
654 silly gunzTarPerm extractEntry test/test24_puts.js
655 silly gunzTarPerm modified mode [ 'test/test24_puts.js', 420, 438 ]
656 silly gunzTarPerm extractEntry lib/natural/brill_pos_tagger/lib/RuleSet.js
657 silly gunzTarPerm modified mode [ 'lib/natural/brill_pos_tagger/lib/RuleSet.js', 436, 438 ]
658 silly gunzTarPerm extractEntry lib/natural/brill_pos_tagger/lib/TF_Parser.js
659 silly gunzTarPerm modified mode [ 'lib/natural/brill_pos_tagger/lib/TF_Parser.js', 436, 438 ]
660 silly gunzTarPerm extractEntry lib/natural/brill_pos_tagger/lib/TransformationRule.js
661 silly gunzTarPerm modified mode [ 'lib/natural/brill_pos_tagger/lib/TransformationRule.js',
661 silly gunzTarPerm   436,
661 silly gunzTarPerm   438 ]
662 silly gunzTarPerm extractEntry lib/natural/brill_pos_tagger/lib/TF_Parser.pegjs
663 silly gunzTarPerm modified mode [ 'lib/natural/brill_pos_tagger/lib/TF_Parser.pegjs', 436, 438 ]
664 silly gunzTarPerm extractEntry lib/natural/spellcheck/spellcheck.js
665 silly gunzTarPerm modified mode [ 'lib/natural/spellcheck/spellcheck.js', 436, 438 ]
666 silly gunzTarPerm extractEntry lib/natural/stemmers/lancaster_rules.js
667 silly gunzTarPerm modified mode [ 'lib/natural/stemmers/lancaster_rules.js', 436, 438 ]
668 silly gunzTarPerm extractEntry lib/natural/stemmers/porter_stemmer_no.js
669 silly gunzTarPerm modified mode [ 'lib/natural/stemmers/porter_stemmer_no.js', 436, 438 ]
670 silly gunzTarPerm extractEntry test/test04_gc_versus_not_gc.js
671 silly gunzTarPerm modified mode [ 'test/test04_gc_versus_not_gc.js', 420, 438 ]
672 silly gunzTarPerm extractEntry test/test25_delete_puts.js
673 silly gunzTarPerm modified mode [ 'test/test25_delete_puts.js', 420, 438 ]
674 silly gunzTarPerm extractEntry lib/natural/stemmers/porter_stemmer_pt.js
675 silly gunzTarPerm modified mode [ 'lib/natural/stemmers/porter_stemmer_pt.js', 436, 438 ]
676 silly gunzTarPerm extractEntry lib/natural/stemmers/porter_stemmer_ru.js
677 silly gunzTarPerm modified mode [ 'lib/natural/stemmers/porter_stemmer_ru.js', 436, 438 ]
678 silly gunzTarPerm extractEntry lib/natural/stemmers/porter_stemmer_it.js
679 silly gunzTarPerm modified mode [ 'lib/natural/stemmers/porter_stemmer_it.js', 436, 438 ]
680 silly gunzTarPerm extractEntry lib/natural/stemmers/stemmer_es.js
681 silly gunzTarPerm modified mode [ 'lib/natural/stemmers/stemmer_es.js', 436, 438 ]
682 silly gunzTarPerm extractEntry lib/natural/stemmers/stemmer_fa.js
683 silly gunzTarPerm modified mode [ 'lib/natural/stemmers/stemmer_fa.js', 436, 438 ]
684 silly gunzTarPerm extractEntry test/test03_infiniteLoopFunction.js
685 silly gunzTarPerm modified mode [ 'test/test03_infiniteLoopFunction.js', 420, 438 ]
686 silly gunzTarPerm extractEntry test/test26_puts_with_many_args.js
687 silly gunzTarPerm modified mode [ 'test/test26_puts_with_many_args.js', 420, 438 ]
688 silly gunzTarPerm extractEntry lib/natural/stemmers/stemmer_fr.js
689 silly gunzTarPerm modified mode [ 'lib/natural/stemmers/stemmer_fr.js', 436, 438 ]
690 silly gunzTarPerm extractEntry lib/natural/stemmers/stemmer_it.js
691 silly gunzTarPerm modified mode [ 'lib/natural/stemmers/stemmer_it.js', 436, 438 ]
692 silly gunzTarPerm extractEntry lib/natural/stemmers/stemmer_ja.js
693 silly gunzTarPerm modified mode [ 'lib/natural/stemmers/stemmer_ja.js', 436, 438 ]
694 silly gunzTarPerm extractEntry lib/natural/stemmers/porter_stemmer_fr.js
695 silly gunzTarPerm modified mode [ 'lib/natural/stemmers/porter_stemmer_fr.js', 436, 438 ]
696 silly gunzTarPerm extractEntry lib/natural/stemmers/stemmer_no.js
697 silly gunzTarPerm modified mode [ 'lib/natural/stemmers/stemmer_no.js', 436, 438 ]
698 silly gunzTarPerm extractEntry test/test02_loop_as_fast_as_possible.js
699 silly gunzTarPerm modified mode [ 'test/test02_loop_as_fast_as_possible.js', 420, 438 ]
700 silly gunzTarPerm extractEntry test/test27_puts_event_loop.js
701 silly gunzTarPerm modified mode [ 'test/test27_puts_event_loop.js', 420, 438 ]
702 silly gunzTarPerm extractEntry lib/natural/stemmers/porter_stemmer_fa.js
703 silly gunzTarPerm modified mode [ 'lib/natural/stemmers/porter_stemmer_fa.js', 436, 438 ]
704 silly gunzTarPerm extractEntry lib/natural/stemmers/stemmer_pl.js
705 silly gunzTarPerm modified mode [ 'lib/natural/stemmers/stemmer_pl.js', 436, 438 ]
706 silly gunzTarPerm extractEntry lib/natural/stemmers/porter_stemmer_es.js
707 silly gunzTarPerm modified mode [ 'lib/natural/stemmers/porter_stemmer_es.js', 436, 438 ]
708 silly gunzTarPerm extractEntry lib/natural/stemmers/stemmer_pt.js
709 silly gunzTarPerm modified mode [ 'lib/natural/stemmers/stemmer_pt.js', 436, 438 ]
710 silly gunzTarPerm extractEntry test/test01_loop_as_fast_as_possible.js
711 silly gunzTarPerm modified mode [ 'test/test01_loop_as_fast_as_possible.js', 420, 438 ]
712 silly gunzTarPerm extractEntry test/test28_puts_nextTick_loop.js
713 silly gunzTarPerm modified mode [ 'test/test28_puts_nextTick_loop.js', 420, 438 ]
714 silly gunzTarPerm extractEntry lib/natural/stemmers/porter_stemmer.js
715 silly gunzTarPerm modified mode [ 'lib/natural/stemmers/porter_stemmer.js', 436, 438 ]
716 silly gunzTarPerm extractEntry lib/natural/stemmers/stemmer_ru.js
717 silly gunzTarPerm modified mode [ 'lib/natural/stemmers/stemmer_ru.js', 436, 438 ]
718 silly gunzTarPerm extractEntry lib/natural/stemmers/lancaster_stemmer.js
719 silly gunzTarPerm modified mode [ 'lib/natural/stemmers/lancaster_stemmer.js', 436, 438 ]
720 silly gunzTarPerm extractEntry test/test00_run_once_and_destroy.js
721 silly gunzTarPerm modified mode [ 'test/test00_run_once_and_destroy.js', 436, 438 ]
722 silly gunzTarPerm extractEntry test/test29_puts_callback_loop.js
723 silly gunzTarPerm modified mode [ 'test/test29_puts_callback_loop.js', 420, 438 ]
724 silly gunzTarPerm extractEntry lib/natural/stemmers/token.js
725 silly gunzTarPerm modified mode [ 'lib/natural/stemmers/token.js', 436, 438 ]
726 silly gunzTarPerm extractEntry test/test14_emit_once.js
727 silly gunzTarPerm modified mode [ 'test/test14_emit_once.js', 420, 438 ]
728 silly gunzTarPerm extractEntry .editorconfig
729 silly gunzTarPerm modified mode [ '.editorconfig', 420, 438 ]
730 silly gunzTarPerm extractEntry lib/natural/stemmers/stemmer.js
731 silly gunzTarPerm modified mode [ 'lib/natural/stemmers/stemmer.js', 436, 438 ]
732 silly gunzTarPerm extractEntry lib/natural/tfidf/tfidf.js
733 silly gunzTarPerm modified mode [ 'lib/natural/tfidf/tfidf.js', 436, 438 ]
734 silly gunzTarPerm extractEntry .travis.yml
735 silly gunzTarPerm modified mode [ '.travis.yml', 436, 438 ]
736 silly gunzTarPerm extractEntry yarn.lock
737 silly gunzTarPerm modified mode [ 'yarn.lock', 436, 438 ]
738 silly gunzTarPerm extractEntry lib/natural/tokenizers/aggressive_tokenizer.js
739 silly gunzTarPerm modified mode [ 'lib/natural/tokenizers/aggressive_tokenizer.js', 436, 438 ]
740 silly gunzTarPerm extractEntry lib/natural/tokenizers/aggressive_tokenizer_it.js
741 silly gunzTarPerm modified mode [ 'lib/natural/tokenizers/aggressive_tokenizer_it.js', 436, 438 ]
742 silly gunzTarPerm extractEntry lib/natural/tokenizers/aggressive_tokenizer_nl.js
743 silly gunzTarPerm modified mode [ 'lib/natural/tokenizers/aggressive_tokenizer_nl.js', 436, 438 ]
744 silly gunzTarPerm extractEntry lib/natural/tokenizers/aggressive_tokenizer_no.js
745 silly gunzTarPerm modified mode [ 'lib/natural/tokenizers/aggressive_tokenizer_no.js', 436, 438 ]
746 silly gunzTarPerm extractEntry lib/natural/tokenizers/aggressive_tokenizer_pl.js
747 silly gunzTarPerm modified mode [ 'lib/natural/tokenizers/aggressive_tokenizer_pl.js', 436, 438 ]
748 silly gunzTarPerm extractEntry lib/natural/tokenizers/aggressive_tokenizer_fr.js
749 silly gunzTarPerm modified mode [ 'lib/natural/tokenizers/aggressive_tokenizer_fr.js', 436, 438 ]
750 silly gunzTarPerm extractEntry lib/natural/tokenizers/aggressive_tokenizer_ru.js
751 silly gunzTarPerm modified mode [ 'lib/natural/tokenizers/aggressive_tokenizer_ru.js', 436, 438 ]
752 silly gunzTarPerm extractEntry lib/natural/tokenizers/regexp_tokenizer.js
753 silly gunzTarPerm modified mode [ 'lib/natural/tokenizers/regexp_tokenizer.js', 436, 438 ]
754 silly gunzTarPerm extractEntry lib/natural/tokenizers/sentence_tokenizer.js
755 silly gunzTarPerm modified mode [ 'lib/natural/tokenizers/sentence_tokenizer.js', 436, 438 ]
756 silly gunzTarPerm extractEntry lib/natural/tokenizers/tokenizer.js
757 silly gunzTarPerm modified mode [ 'lib/natural/tokenizers/tokenizer.js', 436, 438 ]
758 silly gunzTarPerm extractEntry lib/natural/tokenizers/tokenizer_case.js
759 silly gunzTarPerm modified mode [ 'lib/natural/tokenizers/tokenizer_case.js', 436, 438 ]
760 silly gunzTarPerm extractEntry lib/natural/tokenizers/aggressive_tokenizer_fa.js
761 silly gunzTarPerm modified mode [ 'lib/natural/tokenizers/aggressive_tokenizer_fa.js', 436, 438 ]
762 silly gunzTarPerm extractEntry lib/natural/tokenizers/tokenizer_ja.js
763 silly gunzTarPerm modified mode [ 'lib/natural/tokenizers/tokenizer_ja.js', 436, 438 ]
764 silly gunzTarPerm extractEntry lib/natural/tokenizers/aggressive_tokenizer_es.js
765 silly gunzTarPerm modified mode [ 'lib/natural/tokenizers/aggressive_tokenizer_es.js', 436, 438 ]
766 silly gunzTarPerm extractEntry lib/natural/tokenizers/treebank_word_tokenizer.js
767 silly gunzTarPerm modified mode [ 'lib/natural/tokenizers/treebank_word_tokenizer.js', 436, 438 ]
768 silly gunzTarPerm extractEntry lib/natural/tokenizers/aggressive_tokenizer_pt.js
769 silly gunzTarPerm modified mode [ 'lib/natural/tokenizers/aggressive_tokenizer_pt.js', 436, 438 ]
770 silly gunzTarPerm extractEntry lib/natural/transliterators/ja/index.js
771 silly gunzTarPerm modified mode [ 'lib/natural/transliterators/ja/index.js', 436, 438 ]
772 silly gunzTarPerm extractEntry lib/natural/trie/trie.js
773 silly gunzTarPerm modified mode [ 'lib/natural/trie/trie.js', 436, 438 ]
774 silly gunzTarPerm extractEntry lib/natural/util/bag.js
775 silly gunzTarPerm modified mode [ 'lib/natural/util/bag.js', 436, 438 ]
776 silly gunzTarPerm extractEntry lib/natural/util/stopwords_es.js
777 silly gunzTarPerm modified mode [ 'lib/natural/util/stopwords_es.js', 436, 438 ]
778 silly gunzTarPerm extractEntry lib/natural/util/stopwords_fa.js
779 silly gunzTarPerm modified mode [ 'lib/natural/util/stopwords_fa.js', 436, 438 ]
780 silly gunzTarPerm extractEntry lib/natural/util/stopwords_fr.js
781 silly gunzTarPerm modified mode [ 'lib/natural/util/stopwords_fr.js', 436, 438 ]
782 silly gunzTarPerm extractEntry lib/natural/util/stopwords_it.js
783 silly gunzTarPerm modified mode [ 'lib/natural/util/stopwords_it.js', 436, 438 ]
784 silly gunzTarPerm extractEntry lib/natural/util/stopwords.js
785 silly gunzTarPerm modified mode [ 'lib/natural/util/stopwords.js', 436, 438 ]
786 silly gunzTarPerm extractEntry lib/natural/util/stopwords_nl.js
787 silly gunzTarPerm modified mode [ 'lib/natural/util/stopwords_nl.js', 509, 511 ]
788 silly gunzTarPerm extractEntry lib/natural/util/stopwords_no.js
789 silly gunzTarPerm modified mode [ 'lib/natural/util/stopwords_no.js', 436, 438 ]
790 silly gunzTarPerm extractEntry lib/natural/util/stopwords_pl.js
791 silly gunzTarPerm modified mode [ 'lib/natural/util/stopwords_pl.js', 436, 438 ]
792 silly gunzTarPerm extractEntry lib/natural/util/stopwords_pt.js
793 silly gunzTarPerm modified mode [ 'lib/natural/util/stopwords_pt.js', 436, 438 ]
794 silly gunzTarPerm extractEntry lib/natural/util/stopwords_ru.js
795 silly gunzTarPerm modified mode [ 'lib/natural/util/stopwords_ru.js', 436, 438 ]
796 silly gunzTarPerm extractEntry lib/natural/util/shortest_path_tree.js
797 silly gunzTarPerm modified mode [ 'lib/natural/util/shortest_path_tree.js', 436, 438 ]
798 silly gunzTarPerm extractEntry lib/natural/util/stopwords_zh.js
799 silly gunzTarPerm modified mode [ 'lib/natural/util/stopwords_zh.js', 436, 438 ]
800 silly gunzTarPerm extractEntry lib/natural/util/longest_path_tree.js
801 silly gunzTarPerm modified mode [ 'lib/natural/util/longest_path_tree.js', 436, 438 ]
802 silly gunzTarPerm extractEntry lib/natural/util/topological.js
803 silly gunzTarPerm modified mode [ 'lib/natural/util/topological.js', 436, 438 ]
804 silly gunzTarPerm extractEntry lib/natural/util/edge_weighted_digraph.js
805 silly gunzTarPerm modified mode [ 'lib/natural/util/edge_weighted_digraph.js', 436, 438 ]
806 silly gunzTarPerm extractEntry lib/natural/util/utils.js
807 silly gunzTarPerm modified mode [ 'lib/natural/util/utils.js', 436, 438 ]
808 silly gunzTarPerm extractEntry lib/natural/util/stopwords_ja.js
809 silly gunzTarPerm modified mode [ 'lib/natural/util/stopwords_ja.js', 436, 438 ]
810 silly gunzTarPerm extractEntry lib/natural/wordnet/data_file.js
811 silly gunzTarPerm modified mode [ 'lib/natural/wordnet/data_file.js', 436, 438 ]
812 silly gunzTarPerm extractEntry lib/natural/wordnet/index_file.js
813 silly gunzTarPerm modified mode [ 'lib/natural/wordnet/index_file.js', 436, 438 ]
814 silly gunzTarPerm extractEntry lib/natural/wordnet/wordnet.js
815 silly gunzTarPerm modified mode [ 'lib/natural/wordnet/wordnet.js', 436, 438 ]
816 silly gunzTarPerm extractEntry lib/natural/wordnet/wordnet_file.js
817 silly gunzTarPerm modified mode [ 'lib/natural/wordnet/wordnet_file.js', 436, 438 ]
818 silly gunzTarPerm extractEntry lr_classifier.json
819 silly gunzTarPerm modified mode [ 'lr_classifier.json', 436, 438 ]
820 silly gunzTarPerm extractEntry .vscode/temp.sql
821 silly gunzTarPerm modified mode [ '.vscode/temp.sql', 436, 438 ]
822 silly gentlyRm C:\Ankit\myGit\predictionModel\node_modules\.staging\webworker-threads-3b14ca08\node_modules is being purged
823 verbose gentlyRm don't care about contents; nuking C:\Ankit\myGit\predictionModel\node_modules\.staging\webworker-threads-3b14ca08\node_modules
824 silly gentlyRm C:\Ankit\myGit\predictionModel\node_modules\.staging\natural-4ed1b97a\node_modules is being purged
825 verbose gentlyRm don't care about contents; nuking C:\Ankit\myGit\predictionModel\node_modules\.staging\natural-4ed1b97a\node_modules
826 silly doParallel preinstall 4
827 silly preinstall bindings@1.2.1 C:\Ankit\myGit\predictionModel\node_modules\.staging\bindings-876aa265
828 info lifecycle bindings@1.2.1~preinstall: bindings@1.2.1
829 silly preinstall nan@2.6.2 C:\Ankit\myGit\predictionModel\node_modules\.staging\nan-3492f4e7
830 info lifecycle nan@2.6.2~preinstall: nan@2.6.2
831 silly preinstall webworker-threads@0.7.11 C:\Ankit\myGit\predictionModel\node_modules\.staging\webworker-threads-3b14ca08
832 info lifecycle webworker-threads@0.7.11~preinstall: webworker-threads@0.7.11
833 silly preinstall natural@0.5.1 C:\Ankit\myGit\predictionModel\node_modules\.staging\natural-4ed1b97a
834 info lifecycle natural@0.5.1~preinstall: natural@0.5.1
835 silly lifecycle bindings@1.2.1~preinstall: no script for preinstall, continuing
836 silly lifecycle nan@2.6.2~preinstall: no script for preinstall, continuing
837 silly lifecycle webworker-threads@0.7.11~preinstall: no script for preinstall, continuing
838 silly lifecycle natural@0.5.1~preinstall: no script for preinstall, continuing
839 silly doReverseSerial remove 0
840 silly doSerial move 0
841 silly doSerial finalize 4
842 silly finalize C:\Ankit\myGit\predictionModel\node_modules\bindings
843 silly finalize C:\Ankit\myGit\predictionModel\node_modules\nan
844 silly finalize C:\Ankit\myGit\predictionModel\node_modules\webworker-threads
845 silly finalize C:\Ankit\myGit\predictionModel\node_modules\natural
846 silly doSerial build 4
847 silly build bindings@1.2.1
848 info linkStuff bindings@1.2.1
849 silly linkStuff bindings@1.2.1 has C:\Ankit\myGit\predictionModel\node_modules as its parent node_modules
850 verbose linkBins bindings@1.2.1
851 verbose linkMans bindings@1.2.1
852 silly build nan@2.6.2
853 info linkStuff nan@2.6.2
854 silly linkStuff nan@2.6.2 has C:\Ankit\myGit\predictionModel\node_modules as its parent node_modules
855 verbose linkBins nan@2.6.2
856 verbose linkMans nan@2.6.2
857 silly build webworker-threads@0.7.11
858 info linkStuff webworker-threads@0.7.11
859 silly linkStuff webworker-threads@0.7.11 has C:\Ankit\myGit\predictionModel\node_modules as its parent node_modules
860 verbose linkBins webworker-threads@0.7.11
861 verbose linkMans webworker-threads@0.7.11
862 silly build natural@0.5.1
863 info linkStuff natural@0.5.1
864 silly linkStuff natural@0.5.1 has C:\Ankit\myGit\predictionModel\node_modules as its parent node_modules
865 verbose linkBins natural@0.5.1
866 verbose linkMans natural@0.5.1
867 silly doSerial global-link 0
868 silly doParallel update-linked 0
869 silly doSerial install 4
870 silly install bindings@1.2.1 C:\Ankit\myGit\predictionModel\node_modules\.staging\bindings-876aa265
871 info lifecycle bindings@1.2.1~install: bindings@1.2.1
872 silly lifecycle bindings@1.2.1~install: no script for install, continuing
873 silly install nan@2.6.2 C:\Ankit\myGit\predictionModel\node_modules\.staging\nan-3492f4e7
874 info lifecycle nan@2.6.2~install: nan@2.6.2
875 silly lifecycle nan@2.6.2~install: no script for install, continuing
876 silly install webworker-threads@0.7.11 C:\Ankit\myGit\predictionModel\node_modules\.staging\webworker-threads-3b14ca08
877 info lifecycle webworker-threads@0.7.11~install: webworker-threads@0.7.11
878 verbose lifecycle webworker-threads@0.7.11~install: unsafe-perm in lifecycle true
879 verbose lifecycle webworker-threads@0.7.11~install: PATH: C:\Program Files\nodejs\node_modules\npm\bin\node-gyp-bin;C:\Ankit\myGit\predictionModel\node_modules\webworker-threads\node_modules\.bin;C:\Ankit\myGit\predictionModel\node_modules\.bin;C:\ProgramData\Oracle\Java\javapath;C:\Program Files (x86)\RSA SecurID Token Common;C:\Windows\system32;C:\Windows;C:\Windows\System32\Wbem;C:\Windows\System32\WindowsPowerShell\v1.0\;C:\Windows\System32\WindowsPowerShell\v1.0\;C:\Program Files (x86)\Skype\Phone\;C:\Program Files\Git\cmd;C:\Program Files (x86)\Symantec\VIP Access Client\;C:\Program Files\nvm;C:\Program Files\nodejs;C:\Program Files\nodejs\;C:\ProgramData\Oracle\Java\javapath;C:\Program Files (x86)\RSA SecurID Token Common;C:\Windows\system32;C:\Windows;C:\Windows\System32\Wbem;C:\Program Files (x86)\Symantec\VIP Access Client\;C:\Windows\System32\WindowsPowerShell\v1.0\;C:\Windows\System32\WindowsPowerShell\v1.0\;C:\Program Files (x86)\Skype\Phone\;C:\Program Files\Git\cmd;C:\Program Files (x86)\Microsoft VS Code\bin;C:\Users\ASharm214\AppData\Local\Programs\Python\Python35\Scripts;C:\Users\ASharm214\AppData\Local\Programs\Python\Python35;C:\Users\ASharm214\Downloads\apache-maven-3.3.9\bin;C:\Program Files\nvm;C:\Program Files\nodejs;C:\Users\ASharm214\AppData\Roaming\npm
880 verbose lifecycle webworker-threads@0.7.11~install: CWD: C:\Ankit\myGit\predictionModel\node_modules\webworker-threads
881 silly lifecycle webworker-threads@0.7.11~install: Args: [ '/d /s /c', 'node-gyp rebuild' ]
882 silly lifecycle webworker-threads@0.7.11~install: Returned: code: 1  signal: null
883 info lifecycle webworker-threads@0.7.11~install: Failed to exec install script
884 verbose unlock done using C:\Users\ASharm214\AppData\Roaming\npm-cache\_locks\staging-67daba5c87094781.lock for C:\Ankit\myGit\predictionModel\node_modules\.staging
885 silly rollbackFailedOptional Starting
886 silly rollbackFailedOptional Finishing
887 silly runTopLevelLifecycles Finishing
888 silly install printInstalled
889 warn prediction-model@1.0.0 No repository field.
890 verbose If you need help, you may report this error at:
890 verbose     <https://github.com/npm/npm/issues>
891 warn prediction-model@1.0.0 No license field.
892 verbose If you need help, you may report this error at:
892 verbose     <https://github.com/npm/npm/issues>
893 verbose stack Error: webworker-threads@0.7.11 install: `node-gyp rebuild`
893 verbose stack Exit status 1
893 verbose stack     at EventEmitter.<anonymous> (C:\Program Files\nodejs\node_modules\npm\lib\utils\lifecycle.js:255:16)
893 verbose stack     at emitTwo (events.js:106:13)
893 verbose stack     at EventEmitter.emit (events.js:191:7)
893 verbose stack     at ChildProcess.<anonymous> (C:\Program Files\nodejs\node_modules\npm\lib\utils\spawn.js:40:14)
893 verbose stack     at emitTwo (events.js:106:13)
893 verbose stack     at ChildProcess.emit (events.js:191:7)
893 verbose stack     at maybeClose (internal/child_process.js:886:16)
893 verbose stack     at Process.ChildProcess._handle.onexit (internal/child_process.js:226:5)
894 verbose pkgid webworker-threads@0.7.11
895 verbose cwd C:\Ankit\myGit\predictionModel
896 error Windows_NT 6.1.7601
897 error argv "C:\\Program Files\\nodejs\\node.exe" "C:\\Program Files\\nodejs\\node_modules\\npm\\bin\\npm-cli.js" "install" "natural"
898 error node v6.10.3
899 error npm  v3.10.10
900 error code ELIFECYCLE
901 error webworker-threads@0.7.11 install: `node-gyp rebuild`
901 error Exit status 1
902 error Failed at the webworker-threads@0.7.11 install script 'node-gyp rebuild'.
902 error Make sure you have the latest version of node.js and npm installed.
902 error If you do, this is most likely a problem with the webworker-threads package,
902 error not with npm itself.
902 error Tell the author that this fails on your system:
902 error     node-gyp rebuild
902 error You can get information on how to open an issue for this project with:
902 error     npm bugs webworker-threads
902 error Or if that isn't available, you can get their info via:
902 error     npm owner ls webworker-threads
902 error There is likely additional logging output above.
903 verbose exit [ 1, true ]
